1
1
1 loss: 0.03572
1 validation loss: 31.83471
auc: 0.98580
2 loss: 0.02734
2 validation loss: 31.75847
auc: 0.98864
3 loss: 0.02124
3 validation loss: 30.25219
auc: 0.98995
4 loss: 0.01815
4 validation loss: 25.07749
auc: 0.99542
5 loss: 0.01749
5 validation loss: 26.68889
auc: 0.99354
6 loss: 0.01692
6 validation loss: 23.12346
auc: 0.99463
7 loss: 0.01601
7 validation loss: 26.57399
auc: 0.99220
8 loss: 0.01580
8 validation loss: 27.73277
auc: 0.99473
9 loss: 0.01674
9 validation loss: 25.33804
auc: 0.99604
10 loss: 0.01546
10 validation loss: 22.32732
auc: 0.99676
11 loss: 0.01502
11 validation loss: 20.88267
auc: 0.99713
12 loss: 0.01563
12 validation loss: 19.99006
auc: 0.99752
13 loss: 0.01547
13 validation loss: 18.97991
auc: 0.99728
14 loss: 0.01513
14 validation loss: 19.67476
auc: 0.99736
15 loss: 0.01487
15 validation loss: 18.32909
auc: 0.99643
16 loss: 0.01453
16 validation loss: 16.21788
auc: 0.99735
17 loss: 0.01442
17 validation loss: 19.45543
auc: 0.99621
18 loss: 0.01387
18 validation loss: 17.28518
auc: 0.99677
19 loss: 0.01435
19 validation loss: 16.92305
auc: 0.99689
20 loss: 0.01418
20 validation loss: 17.83412
auc: 0.99656
21 loss: 0.01348
21 validation loss: 20.17919
auc: 0.99693
22 loss: 0.01352
22 validation loss: 19.63047
auc: 0.99465
23 loss: 0.01414
23 validation loss: 17.07503
auc: 0.99686
24 loss: 0.01390
24 validation loss: 18.84646
auc: 0.99153
25 loss: 0.01385
25 validation loss: 16.58408
auc: 0.99608
26 loss: 0.01353
26 validation loss: 17.30554
auc: 0.99371
27 loss: 0.01383
27 validation loss: 16.71992
auc: 0.99360
28 loss: 0.01349
28 validation loss: 17.09261
auc: 0.99370
29 loss: 0.01367
29 validation loss: 16.32160
auc: 0.99498
30 loss: 0.01372
30 validation loss: 16.21084
auc: 0.99551
31 loss: 0.01343
31 validation loss: 16.10933
auc: 0.99553
32 loss: 0.01329
32 validation loss: 15.91854
auc: 0.99195
33 loss: 0.01373
33 validation loss: 15.17857
auc: 0.99517
34 loss: 0.01344
34 validation loss: 15.30001
auc: 0.99575
35 loss: 0.01313
35 validation loss: 15.35085
auc: 0.99391
36 loss: 0.01362
36 validation loss: 14.63083
auc: 0.99506
37 loss: 0.01337
37 validation loss: 13.93330
auc: 0.99667
38 loss: 0.01280
38 validation loss: 16.14417
auc: 0.99587
39 loss: 0.01332
39 validation loss: 14.43105
auc: 0.99323
40 loss: 0.01282
40 validation loss: 14.36848
auc: 0.99671
41 loss: 0.01307
41 validation loss: 13.59683
auc: 0.99631
42 loss: 0.01257
42 validation loss: 14.16156
auc: 0.99611
43 loss: 0.01270
43 validation loss: 12.98830
auc: 0.99572
44 loss: 0.01270
44 validation loss: 13.18090
auc: 0.99679
45 loss: 0.01301
45 validation loss: 12.69224
auc: 0.99601
46 loss: 0.01256
46 validation loss: 13.23107
auc: 0.99668
47 loss: 0.01284
47 validation loss: 13.93564
auc: 0.99649
48 loss: 0.01263
48 validation loss: 13.20769
auc: 0.99772
49 loss: 0.01260
49 validation loss: 12.20326
auc: 0.99811
50 loss: 0.01283
50 validation loss: 12.50119
auc: 0.99779
51 loss: 0.01267
51 validation loss: 11.68644
auc: 0.99819
52 loss: 0.01262
52 validation loss: 11.94568
auc: 0.99757
53 loss: 0.01280
53 validation loss: 12.36695
auc: 0.99859
54 loss: 0.01262
54 validation loss: 12.62134
auc: 0.99754
55 loss: 0.01241
55 validation loss: 12.60610
auc: 0.99797
56 loss: 0.01255
56 validation loss: 11.53551
auc: 0.99766
57 loss: 0.01230
57 validation loss: 11.74992
auc: 0.99821
58 loss: 0.01234
58 validation loss: 11.80684
auc: 0.99779
59 loss: 0.01209
59 validation loss: 14.01590
auc: 0.99848
60 loss: 0.01205
60 validation loss: 10.92834
auc: 0.99863
61 loss: 0.01222
61 validation loss: 13.29999
auc: 0.99803
62 loss: 0.01207
62 validation loss: 10.70768
auc: 0.99864
63 loss: 0.01248
63 validation loss: 12.62895
auc: 0.99416
64 loss: 0.01253
64 validation loss: 12.09524
auc: 0.99789
65 loss: 0.01219
65 validation loss: 11.83041
auc: 0.99585
66 loss: 0.01192
66 validation loss: 10.67409
auc: 0.99845
67 loss: 0.01175
67 validation loss: 11.18666
auc: 0.99825
68 loss: 0.01155
68 validation loss: 11.20684
auc: 0.99841
69 loss: 0.01195
69 validation loss: 11.72038
auc: 0.99780
70 loss: 0.01211
70 validation loss: 10.86931
auc: 0.99881
71 loss: 0.01175
71 validation loss: 10.34588
auc: 0.99767
72 loss: 0.01197
72 validation loss: 10.07581
auc: 0.99768
73 loss: 0.01152
73 validation loss: 11.28413
auc: 0.99866
74 loss: 0.01188
74 validation loss: 10.36478
auc: 0.99882
75 loss: 0.01178
75 validation loss: 10.34512
auc: 0.99800
76 loss: 0.01183
76 validation loss: 10.50949
auc: 0.99799
77 loss: 0.01159
77 validation loss: 11.60793
auc: 0.99853
78 loss: 0.01166
78 validation loss: 10.24820
auc: 0.99835
79 loss: 0.01159
79 validation loss: 11.39991
auc: 0.99589
80 loss: 0.01190
80 validation loss: 11.97392
auc: 0.99798
81 loss: 0.01180
81 validation loss: 9.82077
auc: 0.99906
82 loss: 0.01168
82 validation loss: 11.17517
auc: 0.99822
83 loss: 0.01164
83 validation loss: 9.75979
auc: 0.99831
84 loss: 0.01159
84 validation loss: 11.94586
auc: 0.99814
85 loss: 0.01163
85 validation loss: 9.71809
auc: 0.99799
86 loss: 0.01124
86 validation loss: 11.41956
auc: 0.99872
87 loss: 0.01149
87 validation loss: 12.02548
auc: 0.99768
88 loss: 0.01153
88 validation loss: 11.13399
auc: 0.99862
89 loss: 0.01196
89 validation loss: 10.89779
auc: 0.99829
90 loss: 0.01159
90 validation loss: 10.72900
auc: 0.99687
91 loss: 0.01163
91 validation loss: 10.43461
auc: 0.99842
92 loss: 0.01138
92 validation loss: 11.19568
auc: 0.99828
93 loss: 0.01132
93 validation loss: 10.27392
auc: 0.99844
94 loss: 0.01104
94 validation loss: 10.66099
auc: 0.99721
95 loss: 0.01144
95 validation loss: 11.82003
auc: 0.99809
96 loss: 0.01146
96 validation loss: 11.36254
auc: 0.99859
97 loss: 0.01142
97 validation loss: 10.87733
auc: 0.99830
98 loss: 0.01128
98 validation loss: 9.95873
auc: 0.99856
99 loss: 0.01164
99 validation loss: 11.11623
auc: 0.99851
100 loss: 0.01139
100 validation loss: 9.52392
auc: 0.99888
101 loss: 0.01114
101 validation loss: 11.23796
auc: 0.99830
102 loss: 0.01128
102 validation loss: 9.92766
auc: 0.99868
103 loss: 0.01128
103 validation loss: 9.15349
auc: 0.99862
104 loss: 0.01121
104 validation loss: 9.96653
auc: 0.99747
105 loss: 0.01134
105 validation loss: 10.72779
auc: 0.99830
106 loss: 0.01126
106 validation loss: 11.40609
auc: 0.99777
107 loss: 0.01113
107 validation loss: 10.32365
auc: 0.99862
108 loss: 0.01128
108 validation loss: 10.94767
auc: 0.99824
109 loss: 0.01166
109 validation loss: 9.75137
auc: 0.99878
110 loss: 0.01137
110 validation loss: 11.53222
auc: 0.99866
111 loss: 0.01142
111 validation loss: 11.21238
auc: 0.99809
112 loss: 0.01107
112 validation loss: 10.77977
auc: 0.99819
113 loss: 0.01151
113 validation loss: 13.40215
auc: 0.99586
114 loss: 0.01152
114 validation loss: 11.25851
auc: 0.99851
115 loss: 0.01144
115 validation loss: 9.04470
auc: 0.99770
116 loss: 0.01121
116 validation loss: 9.33383
auc: 0.99865
117 loss: 0.01110
117 validation loss: 11.49576
auc: 0.99582
118 loss: 0.01099
118 validation loss: 9.75654
auc: 0.99849
119 loss: 0.01127
119 validation loss: 11.59091
auc: 0.99877
120 loss: 0.01122
120 validation loss: 11.12160
auc: 0.99746
121 loss: 0.01133
121 validation loss: 12.80891
auc: 0.99500
122 loss: 0.01153
122 validation loss: 9.58109
auc: 0.99865
123 loss: 0.01102
123 validation loss: 10.12158
auc: 0.99721
124 loss: 0.01105
124 validation loss: 9.81440
auc: 0.99841
125 loss: 0.01105
125 validation loss: 8.97660
auc: 0.99870
126 loss: 0.01099
126 validation loss: 9.50463
auc: 0.99876
127 loss: 0.01112
127 validation loss: 11.70484
auc: 0.99589
128 loss: 0.01090
128 validation loss: 13.04498
auc: 0.99409
129 loss: 0.01112
129 validation loss: 9.42089
auc: 0.99846
130 loss: 0.01117
130 validation loss: 10.08796
auc: 0.99637
131 loss: 0.01089
131 validation loss: 8.84386
auc: 0.99873
132 loss: 0.01200
132 validation loss: 9.59686
auc: 0.99716
133 loss: 0.01155
133 validation loss: 10.95947
auc: 0.99792
134 loss: 0.01124
134 validation loss: 11.40845
auc: 0.99718
135 loss: 0.01101
135 validation loss: 9.31359
auc: 0.99866
136 loss: 0.01107
136 validation loss: 9.14524
auc: 0.99788
137 loss: 0.01081
137 validation loss: 11.40387
auc: 0.99593
138 loss: 0.01098
138 validation loss: 11.24586
auc: 0.99699
139 loss: 0.01075
139 validation loss: 9.80785
auc: 0.99842
140 loss: 0.01153
140 validation loss: 11.31936
auc: 0.99724
141 loss: 0.01088
141 validation loss: 9.55385
auc: 0.99809
142 loss: 0.01056
142 validation loss: 10.31899
auc: 0.99831
143 loss: 0.01065
143 validation loss: 9.65393
auc: 0.99803
144 loss: 0.01079
144 validation loss: 10.07492
auc: 0.99810
145 loss: 0.01075
145 validation loss: 8.47141
auc: 0.99798
146 loss: 0.01083
146 validation loss: 10.94021
auc: 0.99794
147 loss: 0.01027
147 validation loss: 10.21607
auc: 0.99797
148 loss: 0.01066
148 validation loss: 10.90739
auc: 0.99654
149 loss: 0.01049
149 validation loss: 9.32661
auc: 0.99811
150 loss: 0.01086
150 validation loss: 10.60683
auc: 0.99783
151 loss: 0.01075
151 validation loss: 8.06783
auc: 0.99788
152 loss: 0.01117
152 validation loss: 9.16888
auc: 0.99866
153 loss: 0.01104
153 validation loss: 11.17093
auc: 0.99760
154 loss: 0.01130
154 validation loss: 10.03531
auc: 0.99857
155 loss: 0.01112
155 validation loss: 10.60897
auc: 0.99705
156 loss: 0.01146
156 validation loss: 10.94479
auc: 0.99744
157 loss: 0.01125
157 validation loss: 10.62458
auc: 0.99831
158 loss: 0.01134
158 validation loss: 10.98680
auc: 0.99816
159 loss: 0.01073
159 validation loss: 9.85309
auc: 0.99806
160 loss: 0.01128
160 validation loss: 9.26152
auc: 0.99852
161 loss: 0.01073
161 validation loss: 10.37754
auc: 0.99806
162 loss: 0.01071
162 validation loss: 8.64012
auc: 0.99881
163 loss: 0.01045
163 validation loss: 10.53237
auc: 0.99838
164 loss: 0.01073
164 validation loss: 10.22541
auc: 0.99811
165 loss: 0.01086
165 validation loss: 7.87734
auc: 0.99854
166 loss: 0.01115
166 validation loss: 8.44569
auc: 0.99891
167 loss: 0.01090
167 validation loss: 8.70614
auc: 0.99819
168 loss: 0.01081
168 validation loss: 8.64725
auc: 0.99883
169 loss: 0.01050
169 validation loss: 8.26430
auc: 0.99844
170 loss: 0.01082
170 validation loss: 8.58013
auc: 0.99887
171 loss: 0.01070
171 validation loss: 9.03894
auc: 0.99741
172 loss: 0.01036
172 validation loss: 11.21149
auc: 0.99754
173 loss: 0.01054
173 validation loss: 9.36374
auc: 0.99838
174 loss: 0.01070
174 validation loss: 9.41123
auc: 0.99826
175 loss: 0.01069
175 validation loss: 11.13785
auc: 0.99765
176 loss: 0.01059
176 validation loss: 9.78862
auc: 0.99736
177 loss: 0.01044
177 validation loss: 8.81894
auc: 0.99812
178 loss: 0.01038
178 validation loss: 10.67004
auc: 0.99776
179 loss: 0.01034
179 validation loss: 8.80945
auc: 0.99721
180 loss: 0.01050
180 validation loss: 11.29796
auc: 0.99759
181 loss: 0.01033
181 validation loss: 10.87110
auc: 0.99714
182 loss: 0.00999
182 validation loss: 8.63946
auc: 0.99778
183 loss: 0.01011
183 validation loss: 9.25551
auc: 0.99767
184 loss: 0.01034
184 validation loss: 9.45267
auc: 0.99783
185 loss: 0.01052
185 validation loss: 8.91836
auc: 0.99787
186 loss: 0.01005
186 validation loss: 9.91239
auc: 0.99599
187 loss: 0.01031
187 validation loss: 8.86231
auc: 0.99758
188 loss: 0.01052
188 validation loss: 10.16322
auc: 0.99714
189 loss: 0.01036
189 validation loss: 8.31649
auc: 0.99784
190 loss: 0.01026
190 validation loss: 8.79344
auc: 0.99714
191 loss: 0.01025
191 validation loss: 7.87807
auc: 0.99856
192 loss: 0.01060
192 validation loss: 7.88550
auc: 0.99791
193 loss: 0.01039
193 validation loss: 11.98225
auc: 0.99385
194 loss: 0.01023
194 validation loss: 8.94695
auc: 0.99537
195 loss: 0.01003
195 validation loss: 8.57998
auc: 0.99820
196 loss: 0.01038
196 validation loss: 9.04083
auc: 0.99739
197 loss: 0.01027
197 validation loss: 9.36140
auc: 0.99874
198 loss: 0.01001
198 validation loss: 8.74775
auc: 0.99795
199 loss: 0.01033
199 validation loss: 9.20881
auc: 0.99840
200 loss: 0.01020
200 validation loss: 9.21611
auc: 0.99592
201 loss: 0.01028
201 validation loss: 8.58792
auc: 0.99521
202 loss: 0.01014
202 validation loss: 11.30971
auc: 0.99620
203 loss: 0.01031
203 validation loss: 10.08484
auc: 0.99745
204 loss: 0.01018
204 validation loss: 9.42495
auc: 0.99810
205 loss: 0.01026
205 validation loss: 10.36977
auc: 0.99703
206 loss: 0.01005
206 validation loss: 8.35224
auc: 0.99764
207 loss: 0.01011
207 validation loss: 8.29997
auc: 0.99792
208 loss: 0.01021
208 validation loss: 8.02808
auc: 0.99734
209 loss: 0.01006
209 validation loss: 7.96794
auc: 0.99796
210 loss: 0.01019
210 validation loss: 8.65617
auc: 0.99792
211 loss: 0.00984
211 validation loss: 7.62240
auc: 0.99731
212 loss: 0.00994
212 validation loss: 9.30496
auc: 0.99799
213 loss: 0.01004
213 validation loss: 9.43921
auc: 0.99812
214 loss: 0.01025
214 validation loss: 8.02942
auc: 0.99609
215 loss: 0.01047
215 validation loss: 9.73923
auc: 0.99758
216 loss: 0.01011
216 validation loss: 8.99170
auc: 0.99701
217 loss: 0.01063
217 validation loss: 7.87672
auc: 0.99828
218 loss: 0.01055
218 validation loss: 9.80879
auc: 0.99794
219 loss: 0.01006
219 validation loss: 7.99462
auc: 0.99730
220 loss: 0.01018
220 validation loss: 9.18302
auc: 0.99753
221 loss: 0.01009
221 validation loss: 7.84535
auc: 0.99789
222 loss: 0.00993
222 validation loss: 11.17981
auc: 0.99479
223 loss: 0.01009
223 validation loss: 9.22558
auc: 0.99763
224 loss: 0.01008
224 validation loss: 8.90154
auc: 0.99804
225 loss: 0.01035
225 validation loss: 7.96838
auc: 0.99775
226 loss: 0.01037
226 validation loss: 9.11018
auc: 0.99827
227 loss: 0.01006
227 validation loss: 8.33859
auc: 0.99723
228 loss: 0.01012
228 validation loss: 8.21204
auc: 0.99709
229 loss: 0.01015
229 validation loss: 8.21452
auc: 0.99796
230 loss: 0.00999
230 validation loss: 9.01647
auc: 0.99802
231 loss: 0.01003
231 validation loss: 9.25385
auc: 0.99667
232 loss: 0.00993
232 validation loss: 10.16652
auc: 0.99639
233 loss: 0.01024
233 validation loss: 9.30851
auc: 0.99825
234 loss: 0.01014
234 validation loss: 8.82188
auc: 0.99770
235 loss: 0.01007
235 validation loss: 9.55721
auc: 0.99692
236 loss: 0.01004
236 validation loss: 8.98878
auc: 0.99465
237 loss: 0.01010
237 validation loss: 8.32712
auc: 0.99813
238 loss: 0.01003
238 validation loss: 8.15455
auc: 0.99767
239 loss: 0.00988
239 validation loss: 7.43721
auc: 0.99716
240 loss: 0.01006
240 validation loss: 9.50052
auc: 0.99725
241 loss: 0.01019
241 validation loss: 8.32180
auc: 0.99755
242 loss: 0.00982
242 validation loss: 9.00737
auc: 0.99822
243 loss: 0.00993
243 validation loss: 7.94345
auc: 0.99673
244 loss: 0.00991
244 validation loss: 9.25740
auc: 0.99777
245 loss: 0.00973
245 validation loss: 9.39849
auc: 0.99363
246 loss: 0.00968
246 validation loss: 8.44152
auc: 0.99713
247 loss: 0.00988
247 validation loss: 8.72971
auc: 0.99671
248 loss: 0.00996
248 validation loss: 8.96565
auc: 0.99690
249 loss: 0.00968
249 validation loss: 8.95498
auc: 0.99674
250 loss: 0.00962
250 validation loss: 7.26309
auc: 0.99791
251 loss: 0.00976
251 validation loss: 9.86632
auc: 0.99793
252 loss: 0.00978
252 validation loss: 9.38581
auc: 0.99671
253 loss: 0.00976
253 validation loss: 8.11767
auc: 0.99760
254 loss: 0.00964
254 validation loss: 8.10964
auc: 0.99848
255 loss: 0.00986
255 validation loss: 6.97800
auc: 0.99817
256 loss: 0.00956
256 validation loss: 7.48309
auc: 0.99733
257 loss: 0.00963
257 validation loss: 7.49899
auc: 0.99732
258 loss: 0.00994
258 validation loss: 9.57513
auc: 0.99647
259 loss: 0.00954
259 validation loss: 9.78811
auc: 0.99635
260 loss: 0.00953
260 validation loss: 9.36096
auc: 0.99581
261 loss: 0.00945
261 validation loss: 6.94749
auc: 0.99795
262 loss: 0.00961
262 validation loss: 7.93203
auc: 0.99759
263 loss: 0.00968
263 validation loss: 8.14778
auc: 0.99710
264 loss: 0.00955
264 validation loss: 9.39888
auc: 0.99677
265 loss: 0.00974
265 validation loss: 8.18979
auc: 0.99694
266 loss: 0.00974
266 validation loss: 7.89058
auc: 0.99781
267 loss: 0.00951
267 validation loss: 7.73244
auc: 0.99724
268 loss: 0.00939
268 validation loss: 8.03578
auc: 0.99652
269 loss: 0.00963
269 validation loss: 7.70835
auc: 0.99740
270 loss: 0.00917
270 validation loss: 8.93920
auc: 0.99639
271 loss: 0.00934
271 validation loss: 7.83917
auc: 0.99745
272 loss: 0.00956
272 validation loss: 7.32334
auc: 0.99788
273 loss: 0.00959
273 validation loss: 7.80620
auc: 0.99736
274 loss: 0.00946
274 validation loss: 7.35878
auc: 0.99797
275 loss: 0.00973
275 validation loss: 7.65266
auc: 0.99775
276 loss: 0.00930
276 validation loss: 6.84845
auc: 0.99780
277 loss: 0.00942
277 validation loss: 8.25867
auc: 0.99704
278 loss: 0.00959
278 validation loss: 7.13423
auc: 0.99745
279 loss: 0.00956
279 validation loss: 9.21358
auc: 0.99732
280 loss: 0.00974
280 validation loss: 7.91906
auc: 0.99778
281 loss: 0.00949
281 validation loss: 7.42993
auc: 0.99777
282 loss: 0.00937
282 validation loss: 7.43598
auc: 0.99652
283 loss: 0.00946
283 validation loss: 9.98372
auc: 0.99416
284 loss: 0.00930
284 validation loss: 7.60192
auc: 0.99691
285 loss: 0.00935
285 validation loss: 7.92721
auc: 0.99788
286 loss: 0.00937
286 validation loss: 7.87534
auc: 0.99761
287 loss: 0.00947
287 validation loss: 7.11423
auc: 0.99719
288 loss: 0.00931
288 validation loss: 7.65414
auc: 0.99740
289 loss: 0.00939
289 validation loss: 7.20972
auc: 0.99769
290 loss: 0.00923
290 validation loss: 7.35912
auc: 0.99760
291 loss: 0.00914
291 validation loss: 9.40012
auc: 0.99332
292 loss: 0.00939
292 validation loss: 7.25206
auc: 0.99698
293 loss: 0.00926
293 validation loss: 7.50226
auc: 0.99680
294 loss: 0.00917
294 validation loss: 7.96041
auc: 0.99698
295 loss: 0.00902
295 validation loss: 7.49466
auc: 0.99694
296 loss: 0.00929
296 validation loss: 7.29872
auc: 0.99735
297 loss: 0.00952
297 validation loss: 7.46224
auc: 0.99636
298 loss: 0.00932
298 validation loss: 7.09535
auc: 0.99780
299 loss: 0.00955
299 validation loss: 8.34770
auc: 0.99627
300 loss: 0.00914
300 validation loss: 9.62490
auc: 0.99735
301 loss: 0.00940
301 validation loss: 9.24837
auc: 0.99536
302 loss: 0.00938
302 validation loss: 8.06608
auc: 0.99602
303 loss: 0.00928
303 validation loss: 7.39551
auc: 0.99661
304 loss: 0.00936
304 validation loss: 7.34426
auc: 0.99738
305 loss: 0.00914
305 validation loss: 6.92667
auc: 0.99723
306 loss: 0.00913
306 validation loss: 8.08946
auc: 0.99635
307 loss: 0.00904
307 validation loss: 7.38456
auc: 0.99786
308 loss: 0.00925
308 validation loss: 8.99579
auc: 0.99791
309 loss: 0.00932
309 validation loss: 8.51118
auc: 0.99635
310 loss: 0.00953
310 validation loss: 7.31290
auc: 0.99752
311 loss: 0.00903
311 validation loss: 7.57202
auc: 0.99751
312 loss: 0.00918
312 validation loss: 9.99410
auc: 0.99496
313 loss: 0.00906
313 validation loss: 8.37272
auc: 0.99627
314 loss: 0.00935
314 validation loss: 8.54017
auc: 0.99805
315 loss: 0.00939
315 validation loss: 11.06471
auc: 0.99398
316 loss: 0.00931
316 validation loss: 6.50988
auc: 0.99766
317 loss: 0.00908
317 validation loss: 9.47215
auc: 0.99433
318 loss: 0.00912
318 validation loss: 9.22810
auc: 0.99457
319 loss: 0.00926
319 validation loss: 8.15796
auc: 0.99665
320 loss: 0.00899
320 validation loss: 8.22081
auc: 0.99509
321 loss: 0.00905
321 validation loss: 7.79784
auc: 0.99555
322 loss: 0.00930
322 validation loss: 7.70062
auc: 0.99761
323 loss: 0.00939
323 validation loss: 7.02691
auc: 0.99774
324 loss: 0.00915
324 validation loss: 9.19658
auc: 0.99478
325 loss: 0.00931
325 validation loss: 7.91757
auc: 0.99592
326 loss: 0.00877
326 validation loss: 8.20587
auc: 0.99540
327 loss: 0.00908
327 validation loss: 8.46156
auc: 0.99626
328 loss: 0.00892
328 validation loss: 7.31721
auc: 0.99691
329 loss: 0.00889
329 validation loss: 7.66503
auc: 0.99697
330 loss: 0.00909
330 validation loss: 7.12134
auc: 0.99777
331 loss: 0.00873
331 validation loss: 7.52423
auc: 0.99686
332 loss: 0.00895
332 validation loss: 8.13916
auc: 0.99699
333 loss: 0.00885
333 validation loss: 8.67399
auc: 0.99694
334 loss: 0.00884
334 validation loss: 7.99954
auc: 0.99668
335 loss: 0.00891
335 validation loss: 7.47497
auc: 0.99765
336 loss: 0.00896
336 validation loss: 7.44101
auc: 0.99546
337 loss: 0.00899
337 validation loss: 7.47704
auc: 0.99733
338 loss: 0.00883
338 validation loss: 7.04887
auc: 0.99795
339 loss: 0.00893
339 validation loss: 12.33858
auc: 0.98693
340 loss: 0.00883
340 validation loss: 7.50289
auc: 0.99768
341 loss: 0.00897
341 validation loss: 9.49917
auc: 0.99439
342 loss: 0.00900
342 validation loss: 9.87977
auc: 0.99364
343 loss: 0.00919
343 validation loss: 8.29413
auc: 0.99665
344 loss: 0.00906
344 validation loss: 12.45740
auc: 0.98840
345 loss: 0.00885
345 validation loss: 7.60896
auc: 0.99751
346 loss: 0.00881
346 validation loss: 7.26963
auc: 0.99710
347 loss: 0.00866
347 validation loss: 6.57615
auc: 0.99864
348 loss: 0.00879
348 validation loss: 8.85973
auc: 0.99686
349 loss: 0.00879
349 validation loss: 7.98867
auc: 0.99649
350 loss: 0.00890
350 validation loss: 6.88583
auc: 0.99714
351 loss: 0.00890
351 validation loss: 7.54630
auc: 0.99724
352 loss: 0.00880
352 validation loss: 7.57880
auc: 0.99746
353 loss: 0.00897
353 validation loss: 7.11703
auc: 0.99745
354 loss: 0.00872
354 validation loss: 7.20048
auc: 0.99749
355 loss: 0.00887
355 validation loss: 6.35638
auc: 0.99804
356 loss: 0.00883
356 validation loss: 7.05321
auc: 0.99682
357 loss: 0.00893
357 validation loss: 6.90619
auc: 0.99817
358 loss: 0.00881
358 validation loss: 7.40008
auc: 0.99625
359 loss: 0.00880
359 validation loss: 7.29429
auc: 0.99689
360 loss: 0.00885
360 validation loss: 8.60776
auc: 0.99457
361 loss: 0.00882
361 validation loss: 8.24776
auc: 0.99397
362 loss: 0.00873
362 validation loss: 6.85277
auc: 0.99775
363 loss: 0.00867
363 validation loss: 8.62218
auc: 0.99537
364 loss: 0.00866
364 validation loss: 7.52232
auc: 0.99633
365 loss: 0.00867
365 validation loss: 6.80051
auc: 0.99777
366 loss: 0.00849
366 validation loss: 8.64946
auc: 0.99451
367 loss: 0.00878
367 validation loss: 8.69425
auc: 0.99591
368 loss: 0.00876
368 validation loss: 6.73903
auc: 0.99772
369 loss: 0.00880
369 validation loss: 8.13232
auc: 0.99592
370 loss: 0.00859
370 validation loss: 6.92504
auc: 0.99762
371 loss: 0.00876
371 validation loss: 6.76712
auc: 0.99688
372 loss: 0.00860
372 validation loss: 7.05551
auc: 0.99698
373 loss: 0.00888
373 validation loss: 7.50498
auc: 0.99776
374 loss: 0.00860
374 validation loss: 6.89477
auc: 0.99776
375 loss: 0.00892
375 validation loss: 7.55830
auc: 0.99682
376 loss: 0.00858
376 validation loss: 7.61054
auc: 0.99761
377 loss: 0.00869
377 validation loss: 6.78133
auc: 0.99757
378 loss: 0.00849
378 validation loss: 6.62584
auc: 0.99793
379 loss: 0.00847
379 validation loss: 7.09573
auc: 0.99725
380 loss: 0.00884
380 validation loss: 7.37174
auc: 0.99709
381 loss: 0.00891
381 validation loss: 6.45458
auc: 0.99761
382 loss: 0.00875
382 validation loss: 8.22452
auc: 0.99558
383 loss: 0.00895
383 validation loss: 7.58273
auc: 0.99733
384 loss: 0.00889
384 validation loss: 8.78502
auc: 0.99611
385 loss: 0.00881
385 validation loss: 7.74121
auc: 0.99816
386 loss: 0.00858
386 validation loss: 7.18238
auc: 0.99642
387 loss: 0.00859
387 validation loss: 9.61227
auc: 0.99107
388 loss: 0.00867
388 validation loss: 6.73172
auc: 0.99772
389 loss: 0.00866
389 validation loss: 6.61828
auc: 0.99771
390 loss: 0.00848
390 validation loss: 6.70655
auc: 0.99761
391 loss: 0.00856
391 validation loss: 7.26422
auc: 0.99509
392 loss: 0.00858
392 validation loss: 7.10838
auc: 0.99764
393 loss: 0.00860
393 validation loss: 7.59506
auc: 0.99525
394 loss: 0.00863
394 validation loss: 6.59169
auc: 0.99728
395 loss: 0.00884
395 validation loss: 6.91256
auc: 0.99806
396 loss: 0.00890
396 validation loss: 8.98273
auc: 0.99783
397 loss: 0.00884
397 validation loss: 9.18824
auc: 0.99500
398 loss: 0.00895
398 validation loss: 9.96549
auc: 0.99426
399 loss: 0.00886
399 validation loss: 8.16687
auc: 0.99676
400 loss: 0.00875
400 validation loss: 7.75748
auc: 0.99595
401 loss: 0.00886
401 validation loss: 7.80576
auc: 0.99681
402 loss: 0.00878
402 validation loss: 8.23574
auc: 0.99541
403 loss: 0.00864
403 validation loss: 8.17410
auc: 0.99719
404 loss: 0.00866
404 validation loss: 8.07317
auc: 0.99430
405 loss: 0.00849
405 validation loss: 7.93835
auc: 0.99431
406 loss: 0.00852
406 validation loss: 7.27992
auc: 0.99608
407 loss: 0.00861
407 validation loss: 8.68448
auc: 0.99397
408 loss: 0.00849
408 validation loss: 6.70728
auc: 0.99716
409 loss: 0.00888
409 validation loss: 7.50047
auc: 0.99762
410 loss: 0.00837
410 validation loss: 6.72551
auc: 0.99719
411 loss: 0.00841
411 validation loss: 6.91886
auc: 0.99709
412 loss: 0.00866
412 validation loss: 6.97691
auc: 0.99754
413 loss: 0.00841
413 validation loss: 7.18486
auc: 0.99767
414 loss: 0.00869
414 validation loss: 7.06486
auc: 0.99718
415 loss: 0.00864
415 validation loss: 6.95090
auc: 0.99764
416 loss: 0.00860
416 validation loss: 7.33828
auc: 0.99712
417 loss: 0.00833
417 validation loss: 9.60197
auc: 0.99478
418 loss: 0.00858
418 validation loss: 7.79515
auc: 0.99640
419 loss: 0.00850
419 validation loss: 6.48961
auc: 0.99772
420 loss: 0.00857
420 validation loss: 6.63392
auc: 0.99794
421 loss: 0.00845
421 validation loss: 7.92186
auc: 0.99538
422 loss: 0.00840
422 validation loss: 6.86549
auc: 0.99800
423 loss: 0.00862
423 validation loss: 8.15290
auc: 0.99645
424 loss: 0.00843
424 validation loss: 7.53782
auc: 0.99732
425 loss: 0.00835
425 validation loss: 7.46886
auc: 0.99739
426 loss: 0.00837
426 validation loss: 7.22354
auc: 0.99636
427 loss: 0.00835
427 validation loss: 7.37827
auc: 0.99742
428 loss: 0.00853
428 validation loss: 6.63730
auc: 0.99745
429 loss: 0.00848
429 validation loss: 6.88183
auc: 0.99795
430 loss: 0.00833
430 validation loss: 7.71848
auc: 0.99529
431 loss: 0.00845
431 validation loss: 7.96932
auc: 0.99594
432 loss: 0.00837
432 validation loss: 6.97324
auc: 0.99715
433 loss: 0.00825
433 validation loss: 6.89881
auc: 0.99589
434 loss: 0.00845
434 validation loss: 7.14462
auc: 0.99767
435 loss: 0.00839
435 validation loss: 6.67675
auc: 0.99804
436 loss: 0.00829
436 validation loss: 7.12774
auc: 0.99680
437 loss: 0.00845
437 validation loss: 7.27033
auc: 0.99746
438 loss: 0.00837
438 validation loss: 7.67747
auc: 0.99447
439 loss: 0.00821
439 validation loss: 6.45311
auc: 0.99826
440 loss: 0.00829
440 validation loss: 6.76718
auc: 0.99697
441 loss: 0.00826
441 validation loss: 6.68989
auc: 0.99724
442 loss: 0.00825
442 validation loss: 6.86236
auc: 0.99804
443 loss: 0.00827
443 validation loss: 6.21514
auc: 0.99781
444 loss: 0.00824
444 validation loss: 7.20865
auc: 0.99709
445 loss: 0.00830
445 validation loss: 7.07447
auc: 0.99734
446 loss: 0.00848
446 validation loss: 7.08737
auc: 0.99742
447 loss: 0.00823
447 validation loss: 7.34283
auc: 0.99701
448 loss: 0.00837
448 validation loss: 6.68393
auc: 0.99697
449 loss: 0.00849
449 validation loss: 7.41342
auc: 0.99749
450 loss: 0.00834
450 validation loss: 7.13529
auc: 0.99703
451 loss: 0.00838
451 validation loss: 6.79636
auc: 0.99805
452 loss: 0.00833
452 validation loss: 6.74908
auc: 0.99707
453 loss: 0.00847
453 validation loss: 6.83839
auc: 0.99775
454 loss: 0.00830
454 validation loss: 6.70209
auc: 0.99719
455 loss: 0.00832
455 validation loss: 6.52535
auc: 0.99746
456 loss: 0.00834
456 validation loss: 6.81548
auc: 0.99615
457 loss: 0.00833
457 validation loss: 6.76582
auc: 0.99698
458 loss: 0.00827
458 validation loss: 7.56444
auc: 0.99615
459 loss: 0.00816
459 validation loss: 6.04698
auc: 0.99818
460 loss: 0.00821
460 validation loss: 6.72680
auc: 0.99786
461 loss: 0.00834
461 validation loss: 6.60489
auc: 0.99742
462 loss: 0.00828
462 validation loss: 6.52845
auc: 0.99625
463 loss: 0.00806
463 validation loss: 7.78161
auc: 0.99668
464 loss: 0.00817
464 validation loss: 9.42384
auc: 0.99285
465 loss: 0.00833
465 validation loss: 5.98859
auc: 0.99804
466 loss: 0.00830
466 validation loss: 7.33048
auc: 0.99690
467 loss: 0.00845
467 validation loss: 7.62231
auc: 0.99653
468 loss: 0.00841
468 validation loss: 7.49922
auc: 0.99604
469 loss: 0.00839
469 validation loss: 7.20764
auc: 0.99751
470 loss: 0.00848
470 validation loss: 6.59654
auc: 0.99742
471 loss: 0.00831
471 validation loss: 7.12610
auc: 0.99586
472 loss: 0.00825
472 validation loss: 6.82695
auc: 0.99720
473 loss: 0.00821
473 validation loss: 7.71185
auc: 0.99487
474 loss: 0.00855
474 validation loss: 7.59672
auc: 0.99684
475 loss: 0.00827
475 validation loss: 6.73366
auc: 0.99745
476 loss: 0.00808
476 validation loss: 8.34132
auc: 0.98946
477 loss: 0.00818
477 validation loss: 7.47789
auc: 0.99430
478 loss: 0.00836
478 validation loss: 7.07781
auc: 0.99534
479 loss: 0.00844
479 validation loss: 6.89765
auc: 0.99631
480 loss: 0.00826
480 validation loss: 6.50864
auc: 0.99770
481 loss: 0.00799
481 validation loss: 6.81123
auc: 0.99740
482 loss: 0.00810
482 validation loss: 6.68345
auc: 0.99763
483 loss: 0.00832
483 validation loss: 7.36574
auc: 0.99672
484 loss: 0.00828
484 validation loss: 7.51417
auc: 0.99538
485 loss: 0.00835
485 validation loss: 8.61730
auc: 0.99421
486 loss: 0.00832
486 validation loss: 8.24662
auc: 0.99530
487 loss: 0.00839
487 validation loss: 6.76683
auc: 0.99762
488 loss: 0.00856
488 validation loss: 6.95680
auc: 0.99616
489 loss: 0.00833
489 validation loss: 6.26791
auc: 0.99788
490 loss: 0.00818
490 validation loss: 6.64850
auc: 0.99807
491 loss: 0.00837
491 validation loss: 6.51900
auc: 0.99780
492 loss: 0.00819
492 validation loss: 6.24395
auc: 0.99836
493 loss: 0.00809
493 validation loss: 6.35577
auc: 0.99733
494 loss: 0.00832
494 validation loss: 7.16350
auc: 0.99671
495 loss: 0.00817
495 validation loss: 7.22251
auc: 0.99578
496 loss: 0.00820
496 validation loss: 6.54388
auc: 0.99755
497 loss: 0.00802
497 validation loss: 8.00614
auc: 0.99421
498 loss: 0.00817
498 validation loss: 6.87548
auc: 0.99770
499 loss: 0.00821
499 validation loss: 5.87496
auc: 0.99826
500 loss: 0.00811
500 validation loss: 9.39847
auc: 0.98792
Finished Training
