2
2
1 loss: 0.07552
1 validation loss: 63.98485
auc: 0.68964
2 loss: 0.06406
2 validation loss: 62.68821
auc: 0.71993
3 loss: 0.06218
3 validation loss: 58.35861
auc: 0.75661
4 loss: 0.06081
4 validation loss: 56.92779
auc: 0.77694
5 loss: 0.05911
5 validation loss: 53.80807
auc: 0.83180
6 loss: 0.05636
6 validation loss: 48.69769
auc: 0.83922
7 loss: 0.05317
7 validation loss: 45.17884
auc: 0.84937
8 loss: 0.05113
8 validation loss: 45.28604
auc: 0.88258
9 loss: 0.04933
9 validation loss: 42.19113
auc: 0.87767
10 loss: 0.04797
10 validation loss: 41.46343
auc: 0.86745
11 loss: 0.04701
11 validation loss: 39.88224
auc: 0.88107
12 loss: 0.04583
12 validation loss: 38.76857
auc: 0.88948
13 loss: 0.04492
13 validation loss: 37.05820
auc: 0.90022
14 loss: 0.04402
14 validation loss: 36.43476
auc: 0.89049
15 loss: 0.04310
15 validation loss: 35.19549
auc: 0.89196
16 loss: 0.04239
16 validation loss: 34.61709
auc: 0.89294
17 loss: 0.04212
17 validation loss: 33.57167
auc: 0.90177
18 loss: 0.04179
18 validation loss: 34.20561
auc: 0.89402
19 loss: 0.04132
19 validation loss: 32.75873
auc: 0.91618
20 loss: 0.04085
20 validation loss: 33.16744
auc: 0.90535
21 loss: 0.04050
21 validation loss: 33.02184
auc: 0.90884
22 loss: 0.03994
22 validation loss: 31.49664
auc: 0.91048
23 loss: 0.03975
23 validation loss: 31.33268
auc: 0.91609
24 loss: 0.03913
24 validation loss: 30.69514
auc: 0.92058
25 loss: 0.03866
25 validation loss: 30.71251
auc: 0.92208
26 loss: 0.03854
26 validation loss: 30.98854
auc: 0.91248
27 loss: 0.03802
27 validation loss: 29.03055
auc: 0.92418
28 loss: 0.03781
28 validation loss: 29.58258
auc: 0.92136
29 loss: 0.03744
29 validation loss: 28.91101
auc: 0.92932
30 loss: 0.03709
30 validation loss: 28.84442
auc: 0.93053
31 loss: 0.03701
31 validation loss: 29.51361
auc: 0.92605
32 loss: 0.03688
32 validation loss: 29.76178
auc: 0.92213
33 loss: 0.03662
33 validation loss: 29.07019
auc: 0.93158
34 loss: 0.03654
34 validation loss: 29.10049
auc: 0.93367
35 loss: 0.03626
35 validation loss: 28.54086
auc: 0.93081
36 loss: 0.03611
36 validation loss: 27.89826
auc: 0.93338
37 loss: 0.03612
37 validation loss: 27.43828
auc: 0.92665
38 loss: 0.03567
38 validation loss: 27.60987
auc: 0.93381
39 loss: 0.03582
39 validation loss: 27.42188
auc: 0.92335
40 loss: 0.03550
40 validation loss: 27.17806
auc: 0.93395
41 loss: 0.03527
41 validation loss: 26.78701
auc: 0.93288
42 loss: 0.03530
42 validation loss: 27.96962
auc: 0.91630
43 loss: 0.03510
43 validation loss: 26.96233
auc: 0.93476
44 loss: 0.03495
44 validation loss: 27.74205
auc: 0.91797
45 loss: 0.03501
45 validation loss: 26.72148
auc: 0.93036
46 loss: 0.03488
46 validation loss: 26.70362
auc: 0.93658
47 loss: 0.03459
47 validation loss: 27.58579
auc: 0.91963
48 loss: 0.03470
48 validation loss: 26.84167
auc: 0.94420
49 loss: 0.03448
49 validation loss: 27.17210
auc: 0.92463
50 loss: 0.03434
50 validation loss: 26.59615
auc: 0.93792
51 loss: 0.03452
51 validation loss: 26.44292
auc: 0.93297
52 loss: 0.03432
52 validation loss: 26.13585
auc: 0.93990
53 loss: 0.03415
53 validation loss: 25.98367
auc: 0.93275
54 loss: 0.03395
54 validation loss: 25.54513
auc: 0.92415
55 loss: 0.03406
55 validation loss: 26.35236
auc: 0.92850
56 loss: 0.03370
56 validation loss: 25.95760
auc: 0.91782
57 loss: 0.03379
57 validation loss: 26.41456
auc: 0.92415
58 loss: 0.03386
58 validation loss: 25.19367
auc: 0.92709
59 loss: 0.03341
59 validation loss: 25.49392
auc: 0.92513
60 loss: 0.03343
60 validation loss: 25.00165
auc: 0.93071
61 loss: 0.03355
61 validation loss: 25.95105
auc: 0.92565
62 loss: 0.03348
62 validation loss: 25.28382
auc: 0.93590
63 loss: 0.03338
63 validation loss: 25.48318
auc: 0.93296
64 loss: 0.03332
64 validation loss: 26.05780
auc: 0.92516
65 loss: 0.03310
65 validation loss: 26.61094
auc: 0.92556
66 loss: 0.03311
66 validation loss: 25.47765
auc: 0.92699
67 loss: 0.03297
67 validation loss: 25.34480
auc: 0.93132
68 loss: 0.03278
68 validation loss: 25.26875
auc: 0.92700
69 loss: 0.03296
69 validation loss: 25.49215
auc: 0.91691
70 loss: 0.03295
70 validation loss: 25.04089
auc: 0.91937
71 loss: 0.03285
71 validation loss: 25.36382
auc: 0.93437
72 loss: 0.03275
72 validation loss: 24.89014
auc: 0.93172
73 loss: 0.03278
73 validation loss: 24.57435
auc: 0.93757
74 loss: 0.03251
74 validation loss: 24.49126
auc: 0.94205
75 loss: 0.03273
75 validation loss: 25.27393
auc: 0.92835
76 loss: 0.03255
76 validation loss: 25.04683
auc: 0.92557
77 loss: 0.03238
77 validation loss: 24.66686
auc: 0.92567
78 loss: 0.03221
78 validation loss: 26.15729
auc: 0.92564
79 loss: 0.03216
79 validation loss: 25.11813
auc: 0.92842
80 loss: 0.03207
80 validation loss: 25.31324
auc: 0.93001
81 loss: 0.03203
81 validation loss: 25.22229
auc: 0.92891
82 loss: 0.03211
82 validation loss: 25.12358
auc: 0.91881
83 loss: 0.03188
83 validation loss: 24.96710
auc: 0.92033
84 loss: 0.03184
84 validation loss: 24.43999
auc: 0.93370
85 loss: 0.03193
85 validation loss: 24.39816
auc: 0.92924
86 loss: 0.03172
86 validation loss: 24.27695
auc: 0.93647
87 loss: 0.03185
87 validation loss: 23.75101
auc: 0.93329
88 loss: 0.03162
88 validation loss: 24.89219
auc: 0.93085
89 loss: 0.03160
89 validation loss: 24.67588
auc: 0.92734
90 loss: 0.03159
90 validation loss: 24.02163
auc: 0.93503
91 loss: 0.03162
91 validation loss: 25.08779
auc: 0.93060
92 loss: 0.03165
92 validation loss: 23.82577
auc: 0.93498
93 loss: 0.03152
93 validation loss: 24.54592
auc: 0.93500
94 loss: 0.03144
94 validation loss: 23.70322
auc: 0.94068
95 loss: 0.03134
95 validation loss: 24.20326
auc: 0.92890
96 loss: 0.03113
96 validation loss: 24.99827
auc: 0.92915
97 loss: 0.03123
97 validation loss: 24.20626
auc: 0.92864
98 loss: 0.03127
98 validation loss: 23.92159
auc: 0.93342
99 loss: 0.03118
99 validation loss: 23.92737
auc: 0.93774
100 loss: 0.03115
100 validation loss: 24.59679
auc: 0.93092
101 loss: 0.03094
101 validation loss: 23.66868
auc: 0.93224
102 loss: 0.03088
102 validation loss: 23.33530
auc: 0.93321
103 loss: 0.03097
103 validation loss: 24.86284
auc: 0.92829
104 loss: 0.03087
104 validation loss: 23.56983
auc: 0.93733
105 loss: 0.03090
105 validation loss: 23.26076
auc: 0.94387
106 loss: 0.03097
106 validation loss: 23.79569
auc: 0.93671
107 loss: 0.03063
107 validation loss: 23.65174
auc: 0.95190
108 loss: 0.03085
108 validation loss: 23.89893
auc: 0.94769
109 loss: 0.03078
109 validation loss: 23.86937
auc: 0.94672
110 loss: 0.03072
110 validation loss: 23.75715
auc: 0.94158
111 loss: 0.03054
111 validation loss: 24.67775
auc: 0.93805
112 loss: 0.03061
112 validation loss: 23.41503
auc: 0.94320
113 loss: 0.03062
113 validation loss: 23.02337
auc: 0.95393
114 loss: 0.03044
114 validation loss: 23.30413
auc: 0.94126
115 loss: 0.03052
115 validation loss: 23.32515
auc: 0.94596
116 loss: 0.03055
116 validation loss: 24.60275
auc: 0.93847
117 loss: 0.03057
117 validation loss: 23.35029
auc: 0.93814
118 loss: 0.03018
118 validation loss: 22.90487
auc: 0.94774
119 loss: 0.03062
119 validation loss: 24.17747
auc: 0.92747
120 loss: 0.03037
120 validation loss: 23.68763
auc: 0.94390
121 loss: 0.03020
121 validation loss: 23.44514
auc: 0.94671
122 loss: 0.03020
122 validation loss: 23.71260
auc: 0.94839
123 loss: 0.02995
123 validation loss: 23.90221
auc: 0.94727
124 loss: 0.03017
124 validation loss: 23.74026
auc: 0.94387
125 loss: 0.02993
125 validation loss: 24.17958
auc: 0.94885
126 loss: 0.02997
126 validation loss: 23.84709
auc: 0.94150
127 loss: 0.02994
127 validation loss: 22.78265
auc: 0.95030
128 loss: 0.02998
128 validation loss: 23.12676
auc: 0.95106
129 loss: 0.02992
129 validation loss: 23.05283
auc: 0.95558
130 loss: 0.02993
130 validation loss: 23.54000
auc: 0.95600
131 loss: 0.02984
131 validation loss: 23.38503
auc: 0.94858
132 loss: 0.02965
132 validation loss: 23.69764
auc: 0.94537
133 loss: 0.02999
133 validation loss: 23.42564
auc: 0.95364
134 loss: 0.02971
134 validation loss: 23.13447
auc: 0.94430
135 loss: 0.02969
135 validation loss: 23.21946
auc: 0.95713
136 loss: 0.02946
136 validation loss: 23.04871
auc: 0.95249
137 loss: 0.02951
137 validation loss: 22.67240
auc: 0.95236
138 loss: 0.02956
138 validation loss: 22.94365
auc: 0.94892
139 loss: 0.02977
139 validation loss: 23.25872
auc: 0.95056
140 loss: 0.02969
140 validation loss: 22.64548
auc: 0.95490
141 loss: 0.02966
141 validation loss: 22.57622
auc: 0.94637
142 loss: 0.02934
142 validation loss: 23.51227
auc: 0.94591
143 loss: 0.02968
143 validation loss: 24.16587
auc: 0.93487
144 loss: 0.02962
144 validation loss: 23.13195
auc: 0.95196
145 loss: 0.02955
145 validation loss: 22.82371
auc: 0.95416
146 loss: 0.02957
146 validation loss: 22.53754
auc: 0.95111
147 loss: 0.02925
147 validation loss: 22.41319
auc: 0.95580
148 loss: 0.02929
148 validation loss: 22.95178
auc: 0.94175
149 loss: 0.02929
149 validation loss: 23.05952
auc: 0.94557
150 loss: 0.02965
150 validation loss: 22.92605
auc: 0.94637
151 loss: 0.02935
151 validation loss: 22.90045
auc: 0.94903
152 loss: 0.02919
152 validation loss: 22.56570
auc: 0.95301
153 loss: 0.02917
153 validation loss: 22.96635
auc: 0.94185
154 loss: 0.02931
154 validation loss: 22.99904
auc: 0.95329
155 loss: 0.02930
155 validation loss: 23.02911
auc: 0.95200
156 loss: 0.02931
156 validation loss: 22.78228
auc: 0.95345
157 loss: 0.02928
157 validation loss: 23.27352
auc: 0.95071
158 loss: 0.02929
158 validation loss: 22.75461
auc: 0.95116
159 loss: 0.02918
159 validation loss: 22.25334
auc: 0.94940
160 loss: 0.02915
160 validation loss: 22.52584
auc: 0.94924
161 loss: 0.02915
161 validation loss: 22.10884
auc: 0.95422
162 loss: 0.02906
162 validation loss: 22.56089
auc: 0.95243
163 loss: 0.02897
163 validation loss: 22.33613
auc: 0.94911
164 loss: 0.02901
164 validation loss: 22.42056
auc: 0.95679
165 loss: 0.02910
165 validation loss: 22.68624
auc: 0.94730
166 loss: 0.02897
166 validation loss: 22.70491
auc: 0.94981
167 loss: 0.02909
167 validation loss: 22.56922
auc: 0.94604
168 loss: 0.02900
168 validation loss: 22.35772
auc: 0.95395
169 loss: 0.02880
169 validation loss: 22.77889
auc: 0.94695
170 loss: 0.02898
170 validation loss: 22.28770
auc: 0.95123
171 loss: 0.02872
171 validation loss: 22.43373
auc: 0.94916
172 loss: 0.02880
172 validation loss: 22.21093
auc: 0.95358
173 loss: 0.02868
173 validation loss: 22.70987
auc: 0.94228
174 loss: 0.02858
174 validation loss: 22.89877
auc: 0.95782
175 loss: 0.02858
175 validation loss: 22.58345
auc: 0.94604
176 loss: 0.02866
176 validation loss: 21.94394
auc: 0.95427
177 loss: 0.02872
177 validation loss: 22.94480
auc: 0.94896
178 loss: 0.02883
178 validation loss: 22.47387
auc: 0.94938
179 loss: 0.02852
179 validation loss: 22.67269
auc: 0.94812
180 loss: 0.02847
180 validation loss: 21.91139
auc: 0.95422
181 loss: 0.02853
181 validation loss: 22.50883
auc: 0.95118
182 loss: 0.02842
182 validation loss: 22.58088
auc: 0.94585
183 loss: 0.02837
183 validation loss: 21.63196
auc: 0.95662
184 loss: 0.02830
184 validation loss: 22.00178
auc: 0.94720
185 loss: 0.02837
185 validation loss: 21.57175
auc: 0.95321
186 loss: 0.02824
186 validation loss: 21.80880
auc: 0.95418
187 loss: 0.02816
187 validation loss: 22.02939
auc: 0.94670
188 loss: 0.02858
188 validation loss: 21.90782
auc: 0.94834
189 loss: 0.02832
189 validation loss: 22.04134
auc: 0.94832
190 loss: 0.02825
190 validation loss: 21.48976
auc: 0.94667
191 loss: 0.02825
191 validation loss: 22.49961
auc: 0.95019
192 loss: 0.02825
192 validation loss: 22.11704
auc: 0.95195
193 loss: 0.02843
193 validation loss: 21.99784
auc: 0.95578
194 loss: 0.02811
194 validation loss: 21.90778
auc: 0.94977
195 loss: 0.02809
195 validation loss: 21.39227
auc: 0.95478
196 loss: 0.02785
196 validation loss: 21.89540
auc: 0.95046
197 loss: 0.02796
197 validation loss: 21.70250
auc: 0.94920
198 loss: 0.02809
198 validation loss: 22.04248
auc: 0.94605
199 loss: 0.02797
199 validation loss: 21.42287
auc: 0.95282
200 loss: 0.02785
200 validation loss: 22.08574
auc: 0.94606
201 loss: 0.02785
201 validation loss: 21.74498
auc: 0.95406
202 loss: 0.02797
202 validation loss: 21.19359
auc: 0.95789
203 loss: 0.02795
203 validation loss: 22.73321
auc: 0.94329
204 loss: 0.02781
204 validation loss: 21.97692
auc: 0.95011
205 loss: 0.02786
205 validation loss: 21.95298
auc: 0.95182
206 loss: 0.02780
206 validation loss: 21.77245
auc: 0.95351
207 loss: 0.02778
207 validation loss: 22.11443
auc: 0.95125
208 loss: 0.02794
208 validation loss: 21.67815
auc: 0.95004
209 loss: 0.02782
209 validation loss: 21.36020
auc: 0.95199
210 loss: 0.02758
210 validation loss: 21.36752
auc: 0.95176
211 loss: 0.02784
211 validation loss: 22.10490
auc: 0.95126
212 loss: 0.02754
212 validation loss: 22.19982
auc: 0.95123
213 loss: 0.02751
213 validation loss: 21.28300
auc: 0.94428
214 loss: 0.02753
214 validation loss: 22.16154
auc: 0.94803
215 loss: 0.02758
215 validation loss: 21.61441
auc: 0.95157
216 loss: 0.02747
216 validation loss: 22.32322
auc: 0.94427
217 loss: 0.02747
217 validation loss: 21.90745
auc: 0.95148
218 loss: 0.02756
218 validation loss: 21.76439
auc: 0.95105
219 loss: 0.02773
219 validation loss: 21.75524
auc: 0.95155
220 loss: 0.02761
220 validation loss: 22.00802
auc: 0.95020
221 loss: 0.02762
221 validation loss: 21.30412
auc: 0.95205
222 loss: 0.02736
222 validation loss: 21.52544
auc: 0.96102
223 loss: 0.02744
223 validation loss: 21.38796
auc: 0.95195
224 loss: 0.02744
224 validation loss: 21.65624
auc: 0.95776
225 loss: 0.02759
225 validation loss: 20.90374
auc: 0.95858
226 loss: 0.02735
226 validation loss: 22.16241
auc: 0.94571
227 loss: 0.02754
227 validation loss: 21.65680
auc: 0.95413
228 loss: 0.02730
228 validation loss: 21.44179
auc: 0.95409
229 loss: 0.02762
229 validation loss: 21.36545
auc: 0.94974
230 loss: 0.02739
230 validation loss: 21.61966
auc: 0.95374
231 loss: 0.02769
231 validation loss: 21.24598
auc: 0.95328
232 loss: 0.02744
232 validation loss: 21.79391
auc: 0.95643
233 loss: 0.02755
233 validation loss: 21.26990
auc: 0.95891
234 loss: 0.02742
234 validation loss: 21.17536
auc: 0.96044
235 loss: 0.02723
235 validation loss: 21.14414
auc: 0.94950
236 loss: 0.02717
236 validation loss: 22.04816
auc: 0.95349
237 loss: 0.02736
237 validation loss: 21.67590
auc: 0.95831
238 loss: 0.02743
238 validation loss: 21.86414
auc: 0.94910
239 loss: 0.02745
239 validation loss: 21.49354
auc: 0.95448
240 loss: 0.02751
240 validation loss: 21.42809
auc: 0.95929
241 loss: 0.02730
241 validation loss: 21.15484
auc: 0.95890
242 loss: 0.02734
242 validation loss: 21.23379
auc: 0.95837
243 loss: 0.02717
243 validation loss: 20.91864
auc: 0.95363
244 loss: 0.02726
244 validation loss: 21.53091
auc: 0.95887
245 loss: 0.02717
245 validation loss: 21.17927
auc: 0.95641
246 loss: 0.02726
246 validation loss: 21.44768
auc: 0.95826
247 loss: 0.02724
247 validation loss: 21.25608
auc: 0.95239
248 loss: 0.02714
248 validation loss: 22.19927
auc: 0.95141
249 loss: 0.02710
249 validation loss: 21.01286
auc: 0.95984
250 loss: 0.02710
250 validation loss: 22.06803
auc: 0.95489
251 loss: 0.02704
251 validation loss: 21.57498
auc: 0.95384
252 loss: 0.02699
252 validation loss: 21.61561
auc: 0.95787
253 loss: 0.02713
253 validation loss: 21.80807
auc: 0.95234
254 loss: 0.02710
254 validation loss: 21.57713
auc: 0.95953
255 loss: 0.02710
255 validation loss: 21.13206
auc: 0.95712
256 loss: 0.02689
256 validation loss: 20.93089
auc: 0.96091
257 loss: 0.02703
257 validation loss: 21.44144
auc: 0.95822
258 loss: 0.02722
258 validation loss: 21.28416
auc: 0.96017
259 loss: 0.02722
259 validation loss: 21.67743
auc: 0.95246
260 loss: 0.02727
260 validation loss: 21.36177
auc: 0.95383
261 loss: 0.02707
261 validation loss: 21.60915
auc: 0.95778
262 loss: 0.02717
262 validation loss: 21.54306
auc: 0.95355
263 loss: 0.02708
263 validation loss: 20.80015
auc: 0.96372
264 loss: 0.02711
264 validation loss: 22.08225
auc: 0.95101
265 loss: 0.02701
265 validation loss: 22.30623
auc: 0.95785
266 loss: 0.02697
266 validation loss: 21.02730
auc: 0.95358
267 loss: 0.02708
267 validation loss: 21.61540
auc: 0.95921
268 loss: 0.02684
268 validation loss: 21.06614
auc: 0.95681
269 loss: 0.02694
269 validation loss: 21.50772
auc: 0.95627
270 loss: 0.02685
270 validation loss: 21.25369
auc: 0.95444
271 loss: 0.02691
271 validation loss: 21.10397
auc: 0.95679
272 loss: 0.02673
272 validation loss: 20.64123
auc: 0.96067
273 loss: 0.02696
273 validation loss: 20.93544
auc: 0.95477
274 loss: 0.02681
274 validation loss: 21.45967
auc: 0.95194
275 loss: 0.02704
275 validation loss: 20.71526
auc: 0.95893
276 loss: 0.02697
276 validation loss: 21.31149
auc: 0.94797
277 loss: 0.02700
277 validation loss: 21.34863
auc: 0.95670
278 loss: 0.02717
278 validation loss: 21.57664
auc: 0.95118
279 loss: 0.02702
279 validation loss: 21.55586
auc: 0.95382
280 loss: 0.02681
280 validation loss: 21.39676
auc: 0.95549
281 loss: 0.02691
281 validation loss: 21.17953
auc: 0.95980
282 loss: 0.02686
282 validation loss: 21.99127
auc: 0.94811
283 loss: 0.02680
283 validation loss: 21.74872
auc: 0.95118
284 loss: 0.02678
284 validation loss: 21.15141
auc: 0.95366
285 loss: 0.02671
285 validation loss: 21.45165
auc: 0.95855
286 loss: 0.02676
286 validation loss: 21.17820
auc: 0.96318
287 loss: 0.02680
287 validation loss: 21.86824
auc: 0.95261
288 loss: 0.02679
288 validation loss: 20.88766
auc: 0.96124
289 loss: 0.02675
289 validation loss: 21.29439
auc: 0.95164
290 loss: 0.02683
290 validation loss: 20.80003
auc: 0.95976
291 loss: 0.02665
291 validation loss: 21.27639
auc: 0.95618
292 loss: 0.02661
292 validation loss: 21.46594
auc: 0.95821
293 loss: 0.02682
293 validation loss: 21.23931
auc: 0.95754
294 loss: 0.02661
294 validation loss: 21.39602
auc: 0.95968
295 loss: 0.02665
295 validation loss: 20.98757
auc: 0.95946
296 loss: 0.02644
296 validation loss: 21.02476
auc: 0.95825
297 loss: 0.02660
297 validation loss: 21.37168
auc: 0.95781
298 loss: 0.02656
298 validation loss: 21.63543
auc: 0.95236
299 loss: 0.02671
299 validation loss: 21.25878
auc: 0.95598
300 loss: 0.02664
300 validation loss: 21.25028
auc: 0.95468
301 loss: 0.02659
301 validation loss: 20.92413
auc: 0.95614
302 loss: 0.02646
302 validation loss: 20.54414
auc: 0.95936
303 loss: 0.02658
303 validation loss: 20.98145
auc: 0.95918
304 loss: 0.02669
304 validation loss: 20.92195
auc: 0.95460
305 loss: 0.02673
305 validation loss: 20.79853
auc: 0.95767
306 loss: 0.02672
306 validation loss: 21.69679
auc: 0.95498
307 loss: 0.02665
307 validation loss: 21.05967
auc: 0.95078
308 loss: 0.02648
308 validation loss: 21.01375
auc: 0.94846
309 loss: 0.02652
309 validation loss: 21.84329
auc: 0.95461
310 loss: 0.02660
310 validation loss: 20.93483
auc: 0.95339
311 loss: 0.02659
311 validation loss: 21.55975
auc: 0.94971
312 loss: 0.02633
312 validation loss: 20.97707
auc: 0.96036
313 loss: 0.02650
313 validation loss: 21.75038
auc: 0.95613
314 loss: 0.02647
314 validation loss: 21.35681
auc: 0.95312
315 loss: 0.02651
315 validation loss: 21.70795
auc: 0.95680
316 loss: 0.02627
316 validation loss: 21.23523
auc: 0.95998
317 loss: 0.02649
317 validation loss: 21.35082
auc: 0.95360
318 loss: 0.02640
318 validation loss: 21.52282
auc: 0.95449
319 loss: 0.02639
319 validation loss: 20.40886
auc: 0.96505
320 loss: 0.02635
320 validation loss: 20.88878
auc: 0.95544
321 loss: 0.02656
321 validation loss: 21.41250
auc: 0.95507
322 loss: 0.02646
322 validation loss: 21.80322
auc: 0.95460
323 loss: 0.02649
323 validation loss: 21.41618
auc: 0.95325
324 loss: 0.02674
324 validation loss: 21.00130
auc: 0.95700
325 loss: 0.02647
325 validation loss: 20.95763
auc: 0.95089
326 loss: 0.02660
326 validation loss: 20.63473
auc: 0.95610
327 loss: 0.02639
327 validation loss: 21.19808
auc: 0.95134
328 loss: 0.02633
328 validation loss: 20.50999
auc: 0.96244
329 loss: 0.02630
329 validation loss: 21.25201
auc: 0.95145
330 loss: 0.02667
330 validation loss: 21.13975
auc: 0.95392
331 loss: 0.02651
331 validation loss: 20.63189
auc: 0.95645
332 loss: 0.02631
332 validation loss: 21.23886
auc: 0.95725
333 loss: 0.02637
333 validation loss: 21.17826
auc: 0.95652
334 loss: 0.02617
334 validation loss: 20.97754
auc: 0.96127
335 loss: 0.02617
335 validation loss: 21.11604
auc: 0.95686
336 loss: 0.02633
336 validation loss: 21.97138
auc: 0.95419
337 loss: 0.02623
337 validation loss: 20.89126
auc: 0.95805
338 loss: 0.02629
338 validation loss: 22.52789
auc: 0.94153
339 loss: 0.02620
339 validation loss: 21.11305
auc: 0.95406
340 loss: 0.02626
340 validation loss: 20.63667
auc: 0.95468
341 loss: 0.02624
341 validation loss: 20.79172
auc: 0.95785
342 loss: 0.02629
342 validation loss: 20.99116
auc: 0.95514
343 loss: 0.02636
343 validation loss: 20.57986
auc: 0.95487
344 loss: 0.02622
344 validation loss: 21.08003
auc: 0.95459
345 loss: 0.02625
345 validation loss: 21.77330
auc: 0.95049
346 loss: 0.02617
346 validation loss: 20.87887
auc: 0.95438
347 loss: 0.02626
347 validation loss: 21.01853
auc: 0.95897
348 loss: 0.02627
348 validation loss: 20.86009
auc: 0.95514
349 loss: 0.02604
349 validation loss: 20.90612
auc: 0.95524
350 loss: 0.02625
350 validation loss: 20.77045
auc: 0.96036
351 loss: 0.02616
351 validation loss: 21.30985
auc: 0.95370
352 loss: 0.02626
352 validation loss: 21.28252
auc: 0.95476
353 loss: 0.02617
353 validation loss: 21.19953
auc: 0.95423
354 loss: 0.02635
354 validation loss: 20.83082
auc: 0.95885
355 loss: 0.02635
355 validation loss: 20.71662
auc: 0.95697
356 loss: 0.02639
356 validation loss: 20.89546
auc: 0.95452
357 loss: 0.02624
357 validation loss: 20.69148
auc: 0.95395
358 loss: 0.02606
358 validation loss: 21.33272
auc: 0.95278
359 loss: 0.02600
359 validation loss: 22.03374
auc: 0.94575
360 loss: 0.02613
360 validation loss: 20.36777
auc: 0.95947
361 loss: 0.02648
361 validation loss: 20.65913
auc: 0.95377
362 loss: 0.02620
362 validation loss: 21.16900
auc: 0.95649
363 loss: 0.02609
363 validation loss: 21.09917
auc: 0.95696
364 loss: 0.02593
364 validation loss: 21.02824
auc: 0.95687
365 loss: 0.02631
365 validation loss: 21.29562
auc: 0.95584
366 loss: 0.02628
366 validation loss: 21.06877
auc: 0.95373
367 loss: 0.02590
367 validation loss: 20.86146
auc: 0.95381
368 loss: 0.02592
368 validation loss: 21.04925
auc: 0.95869
369 loss: 0.02606
369 validation loss: 20.75318
auc: 0.96188
370 loss: 0.02610
370 validation loss: 21.07512
auc: 0.95435
371 loss: 0.02610
371 validation loss: 21.03045
auc: 0.95024
372 loss: 0.02603
372 validation loss: 20.79942
auc: 0.95629
373 loss: 0.02600
373 validation loss: 20.41078
auc: 0.95684
374 loss: 0.02596
374 validation loss: 21.01331
auc: 0.95787
375 loss: 0.02590
375 validation loss: 21.10727
auc: 0.95123
376 loss: 0.02596
376 validation loss: 21.58032
auc: 0.95125
377 loss: 0.02608
377 validation loss: 21.42935
auc: 0.95825
378 loss: 0.02602
378 validation loss: 20.81631
auc: 0.95578
379 loss: 0.02607
379 validation loss: 21.00745
auc: 0.95576
380 loss: 0.02594
380 validation loss: 20.85422
auc: 0.94716
381 loss: 0.02593
381 validation loss: 20.52122
auc: 0.95893
382 loss: 0.02601
382 validation loss: 21.09848
auc: 0.95682
383 loss: 0.02579
383 validation loss: 20.77233
auc: 0.95083
384 loss: 0.02595
384 validation loss: 20.73879
auc: 0.95717
385 loss: 0.02593
385 validation loss: 20.93281
auc: 0.95733
386 loss: 0.02602
386 validation loss: 21.25029
auc: 0.95414
387 loss: 0.02610
387 validation loss: 20.73000
auc: 0.95921
388 loss: 0.02575
388 validation loss: 20.98479
auc: 0.95821
389 loss: 0.02610
389 validation loss: 20.94519
auc: 0.95025
390 loss: 0.02584
390 validation loss: 21.05742
auc: 0.95576
391 loss: 0.02614
391 validation loss: 20.71183
auc: 0.95640
392 loss: 0.02582
392 validation loss: 20.74740
auc: 0.95733
393 loss: 0.02596
393 validation loss: 21.35340
auc: 0.95089
394 loss: 0.02596
394 validation loss: 21.10416
auc: 0.95391
395 loss: 0.02583
395 validation loss: 21.47323
auc: 0.95936
396 loss: 0.02593
396 validation loss: 21.28601
auc: 0.95672
397 loss: 0.02590
397 validation loss: 20.72888
auc: 0.95422
398 loss: 0.02588
398 validation loss: 21.22825
auc: 0.95320
399 loss: 0.02587
399 validation loss: 20.58350
auc: 0.95538
400 loss: 0.02579
400 validation loss: 20.50742
auc: 0.95337
401 loss: 0.02576
401 validation loss: 20.87671
auc: 0.95445
402 loss: 0.02576
402 validation loss: 20.64797
auc: 0.95767
403 loss: 0.02585
403 validation loss: 21.42061
auc: 0.94575
404 loss: 0.02581
404 validation loss: 20.59956
auc: 0.95544
405 loss: 0.02588
405 validation loss: 21.60701
auc: 0.95481
406 loss: 0.02593
406 validation loss: 21.07610
auc: 0.95169
407 loss: 0.02586
407 validation loss: 21.81139
auc: 0.94877
408 loss: 0.02585
408 validation loss: 20.91952
auc: 0.96087
409 loss: 0.02609
409 validation loss: 21.39574
auc: 0.95072
410 loss: 0.02585
410 validation loss: 20.82842
auc: 0.95667
411 loss: 0.02560
411 validation loss: 21.17340
auc: 0.94806
412 loss: 0.02595
412 validation loss: 20.85192
auc: 0.95161
413 loss: 0.02569
413 validation loss: 21.10456
auc: 0.95001
414 loss: 0.02570
414 validation loss: 21.33185
auc: 0.95520
415 loss: 0.02602
415 validation loss: 20.94828
auc: 0.95150
416 loss: 0.02574
416 validation loss: 21.04179
auc: 0.95077
417 loss: 0.02577
417 validation loss: 21.25368
auc: 0.94883
418 loss: 0.02588
418 validation loss: 20.93377
auc: 0.94900
419 loss: 0.02571
419 validation loss: 20.76856
auc: 0.94870
420 loss: 0.02583
420 validation loss: 20.95609
auc: 0.95153
421 loss: 0.02590
421 validation loss: 21.19333
auc: 0.95315
422 loss: 0.02571
422 validation loss: 20.67356
auc: 0.96009
423 loss: 0.02586
423 validation loss: 21.83775
auc: 0.94142
424 loss: 0.02560
424 validation loss: 21.14273
auc: 0.94589
425 loss: 0.02570
425 validation loss: 21.48314
auc: 0.95001
426 loss: 0.02574
426 validation loss: 21.36748
auc: 0.94490
427 loss: 0.02583
427 validation loss: 20.85371
auc: 0.95401
428 loss: 0.02585
428 validation loss: 20.68498
auc: 0.95351
429 loss: 0.02595
429 validation loss: 21.24455
auc: 0.94753
430 loss: 0.02576
430 validation loss: 20.99201
auc: 0.95535
431 loss: 0.02577
431 validation loss: 20.73147
auc: 0.95617
432 loss: 0.02580
432 validation loss: 21.13428
auc: 0.95260
433 loss: 0.02569
433 validation loss: 20.95080
auc: 0.94995
434 loss: 0.02566
434 validation loss: 20.69936
auc: 0.95306
435 loss: 0.02580
435 validation loss: 21.17825
auc: 0.95329
436 loss: 0.02579
436 validation loss: 20.94684
auc: 0.94872
437 loss: 0.02591
437 validation loss: 21.06072
auc: 0.95456
438 loss: 0.02586
438 validation loss: 21.24904
auc: 0.95180
439 loss: 0.02564
439 validation loss: 20.72807
auc: 0.94958
440 loss: 0.02587
440 validation loss: 21.55073
auc: 0.95156
441 loss: 0.02597
441 validation loss: 21.42028
auc: 0.94333
442 loss: 0.02563
442 validation loss: 21.18237
auc: 0.95405
443 loss: 0.02573
443 validation loss: 21.37580
auc: 0.95101
444 loss: 0.02561
444 validation loss: 20.41790
auc: 0.95436
445 loss: 0.02571
445 validation loss: 21.20433
auc: 0.95101
446 loss: 0.02592
446 validation loss: 20.84689
auc: 0.95789
447 loss: 0.02576
447 validation loss: 20.74274
auc: 0.95480
448 loss: 0.02589
448 validation loss: 20.89974
auc: 0.95298
449 loss: 0.02577
449 validation loss: 20.86903
auc: 0.95463
450 loss: 0.02580
450 validation loss: 21.02270
auc: 0.95002
451 loss: 0.02568
451 validation loss: 20.89830
auc: 0.95563
452 loss: 0.02581
452 validation loss: 21.25951
auc: 0.94878
453 loss: 0.02586
453 validation loss: 20.71635
auc: 0.95299
454 loss: 0.02580
454 validation loss: 21.23380
auc: 0.94911
455 loss: 0.02551
455 validation loss: 21.08193
auc: 0.95862
456 loss: 0.02563
456 validation loss: 20.99107
auc: 0.95435
457 loss: 0.02558
457 validation loss: 20.71578
auc: 0.95231
458 loss: 0.02574
458 validation loss: 21.29613
auc: 0.95274
459 loss: 0.02557
459 validation loss: 21.15798
auc: 0.95165
460 loss: 0.02553
460 validation loss: 21.28199
auc: 0.95031
461 loss: 0.02534
461 validation loss: 21.17312
auc: 0.95114
462 loss: 0.02548
462 validation loss: 21.17845
auc: 0.95426
463 loss: 0.02599
463 validation loss: 21.09412
auc: 0.95301
464 loss: 0.02547
464 validation loss: 20.80540
auc: 0.95641
465 loss: 0.02566
465 validation loss: 21.46968
auc: 0.94662
466 loss: 0.02567
466 validation loss: 20.47431
auc: 0.95697
467 loss: 0.02551
467 validation loss: 21.35916
auc: 0.94824
468 loss: 0.02566
468 validation loss: 20.72913
auc: 0.95600
469 loss: 0.02566
469 validation loss: 20.95227
auc: 0.95199
470 loss: 0.02572
470 validation loss: 21.21075
auc: 0.94749
471 loss: 0.02549
471 validation loss: 20.85930
auc: 0.95830
472 loss: 0.02561
472 validation loss: 20.93950
auc: 0.95302
473 loss: 0.02557
473 validation loss: 21.03022
auc: 0.95594
474 loss: 0.02554
474 validation loss: 20.94727
auc: 0.95438
475 loss: 0.02563
475 validation loss: 20.72284
auc: 0.95508
476 loss: 0.02555
476 validation loss: 20.87044
auc: 0.95492
477 loss: 0.02568
477 validation loss: 20.87935
auc: 0.95594
478 loss: 0.02579
478 validation loss: 21.05771
auc: 0.95440
479 loss: 0.02568
479 validation loss: 20.88291
auc: 0.95880
480 loss: 0.02564
480 validation loss: 21.81158
auc: 0.94697
481 loss: 0.02565
481 validation loss: 21.43580
auc: 0.95328
482 loss: 0.02559
482 validation loss: 21.10513
auc: 0.94911
483 loss: 0.02559
483 validation loss: 20.76647
auc: 0.95379
484 loss: 0.02552
484 validation loss: 20.73409
auc: 0.95333
485 loss: 0.02566
485 validation loss: 20.90593
auc: 0.95477
486 loss: 0.02553
486 validation loss: 20.75078
auc: 0.95400
487 loss: 0.02549
487 validation loss: 20.95797
auc: 0.95069
488 loss: 0.02560
488 validation loss: 20.91618
auc: 0.94934
489 loss: 0.02554
489 validation loss: 20.96371
auc: 0.95220
490 loss: 0.02544
490 validation loss: 20.87508
auc: 0.95289
491 loss: 0.02562
491 validation loss: 21.83224
auc: 0.95101
492 loss: 0.02555
492 validation loss: 21.11625
auc: 0.94992
493 loss: 0.02536
493 validation loss: 20.89676
auc: 0.95128
494 loss: 0.02559
494 validation loss: 21.58297
auc: 0.94878
495 loss: 0.02558
495 validation loss: 21.21695
auc: 0.94751
496 loss: 0.02537
496 validation loss: 20.67442
auc: 0.95525
497 loss: 0.02540
497 validation loss: 21.00226
auc: 0.95848
498 loss: 0.02549
498 validation loss: 20.98832
auc: 0.95566
499 loss: 0.02559
499 validation loss: 21.23520
auc: 0.95919
500 loss: 0.02544
500 validation loss: 21.14489
auc: 0.95327
Finished Training
