6
6
1 loss: 0.06564
1 validation loss: 52.26438
auc: 0.82678
2 loss: 0.05401
2 validation loss: 49.20373
auc: 0.87096
3 loss: 0.05046
3 validation loss: 44.81558
auc: 0.90112
4 loss: 0.04790
4 validation loss: 43.78046
auc: 0.90299
5 loss: 0.04471
5 validation loss: 40.52590
auc: 0.92835
6 loss: 0.04206
6 validation loss: 38.06721
auc: 0.96259
7 loss: 0.04009
7 validation loss: 34.12600
auc: 0.96394
8 loss: 0.03946
8 validation loss: 35.13370
auc: 0.95943
9 loss: 0.03747
9 validation loss: 31.13064
auc: 0.97622
10 loss: 0.03632
10 validation loss: 32.47059
auc: 0.97312
11 loss: 0.03552
11 validation loss: 30.72539
auc: 0.97424
12 loss: 0.03502
12 validation loss: 29.83184
auc: 0.97376
13 loss: 0.03414
13 validation loss: 29.50655
auc: 0.97851
14 loss: 0.03392
14 validation loss: 27.41474
auc: 0.97905
15 loss: 0.03355
15 validation loss: 27.87637
auc: 0.97946
16 loss: 0.03294
16 validation loss: 26.90282
auc: 0.98289
17 loss: 0.03262
17 validation loss: 26.59149
auc: 0.97829
18 loss: 0.03191
18 validation loss: 26.15803
auc: 0.98416
19 loss: 0.03169
19 validation loss: 24.98217
auc: 0.98794
20 loss: 0.03137
20 validation loss: 25.57439
auc: 0.98487
21 loss: 0.03094
21 validation loss: 26.47886
auc: 0.98356
22 loss: 0.03038
22 validation loss: 23.69672
auc: 0.98455
23 loss: 0.03026
23 validation loss: 24.72290
auc: 0.98137
24 loss: 0.02998
24 validation loss: 24.53502
auc: 0.98457
25 loss: 0.02987
25 validation loss: 24.92208
auc: 0.98490
26 loss: 0.02998
26 validation loss: 23.32004
auc: 0.98394
27 loss: 0.02962
27 validation loss: 23.28702
auc: 0.98332
28 loss: 0.02917
28 validation loss: 23.15799
auc: 0.98512
29 loss: 0.02908
29 validation loss: 24.06065
auc: 0.98494
30 loss: 0.02869
30 validation loss: 22.78438
auc: 0.98126
31 loss: 0.02847
31 validation loss: 23.15611
auc: 0.98364
32 loss: 0.02853
32 validation loss: 22.57763
auc: 0.98165
33 loss: 0.02838
33 validation loss: 22.78625
auc: 0.98568
34 loss: 0.02798
34 validation loss: 21.94065
auc: 0.98780
35 loss: 0.02776
35 validation loss: 23.32977
auc: 0.98567
36 loss: 0.02769
36 validation loss: 22.56243
auc: 0.98593
37 loss: 0.02758
37 validation loss: 22.20671
auc: 0.98413
38 loss: 0.02724
38 validation loss: 22.56235
auc: 0.98041
39 loss: 0.02712
39 validation loss: 21.36420
auc: 0.98528
40 loss: 0.02709
40 validation loss: 21.03549
auc: 0.98870
41 loss: 0.02672
41 validation loss: 21.95470
auc: 0.99017
42 loss: 0.02687
42 validation loss: 20.73542
auc: 0.98998
43 loss: 0.02657
43 validation loss: 21.23742
auc: 0.98902
44 loss: 0.02652
44 validation loss: 21.16558
auc: 0.98861
45 loss: 0.02641
45 validation loss: 20.89654
auc: 0.98997
46 loss: 0.02631
46 validation loss: 21.41475
auc: 0.98413
47 loss: 0.02590
47 validation loss: 20.66186
auc: 0.98985
48 loss: 0.02574
48 validation loss: 20.75795
auc: 0.98709
49 loss: 0.02591
49 validation loss: 20.02690
auc: 0.98834
50 loss: 0.02560
50 validation loss: 20.57922
auc: 0.98680
51 loss: 0.02551
51 validation loss: 20.27607
auc: 0.98838
52 loss: 0.02545
52 validation loss: 19.66265
auc: 0.99090
53 loss: 0.02546
53 validation loss: 20.71510
auc: 0.99029
54 loss: 0.02539
54 validation loss: 22.13768
auc: 0.98667
55 loss: 0.02504
55 validation loss: 19.95981
auc: 0.99021
56 loss: 0.02500
56 validation loss: 20.50040
auc: 0.99267
57 loss: 0.02477
57 validation loss: 19.67300
auc: 0.99088
58 loss: 0.02461
58 validation loss: 18.92889
auc: 0.99202
59 loss: 0.02451
59 validation loss: 20.59737
auc: 0.99151
60 loss: 0.02448
60 validation loss: 20.11766
auc: 0.98869
61 loss: 0.02423
61 validation loss: 20.42916
auc: 0.98511
62 loss: 0.02411
62 validation loss: 20.30062
auc: 0.98992
63 loss: 0.02409
63 validation loss: 18.90361
auc: 0.98980
64 loss: 0.02400
64 validation loss: 21.10189
auc: 0.98822
65 loss: 0.02410
65 validation loss: 20.44861
auc: 0.99129
66 loss: 0.02409
66 validation loss: 18.31915
auc: 0.99263
67 loss: 0.02408
67 validation loss: 19.20182
auc: 0.99221
68 loss: 0.02386
68 validation loss: 20.51861
auc: 0.98771
69 loss: 0.02429
69 validation loss: 18.61097
auc: 0.99222
70 loss: 0.02405
70 validation loss: 18.68660
auc: 0.99166
71 loss: 0.02372
71 validation loss: 19.22684
auc: 0.99105
72 loss: 0.02384
72 validation loss: 17.46467
auc: 0.99474
73 loss: 0.02359
73 validation loss: 17.80216
auc: 0.99355
74 loss: 0.02344
74 validation loss: 19.45587
auc: 0.98913
75 loss: 0.02360
75 validation loss: 18.31170
auc: 0.99158
76 loss: 0.02376
76 validation loss: 18.33546
auc: 0.98912
77 loss: 0.02345
77 validation loss: 18.67119
auc: 0.99058
78 loss: 0.02359
78 validation loss: 20.15635
auc: 0.99010
79 loss: 0.02366
79 validation loss: 18.35081
auc: 0.99110
80 loss: 0.02368
80 validation loss: 17.90511
auc: 0.98989
81 loss: 0.02351
81 validation loss: 19.28436
auc: 0.98814
82 loss: 0.02351
82 validation loss: 18.12093
auc: 0.99010
83 loss: 0.02353
83 validation loss: 17.44048
auc: 0.99304
84 loss: 0.02354
84 validation loss: 18.19885
auc: 0.99075
85 loss: 0.02334
85 validation loss: 19.42307
auc: 0.98777
86 loss: 0.02326
86 validation loss: 17.80334
auc: 0.99106
87 loss: 0.02341
87 validation loss: 18.30004
auc: 0.98722
88 loss: 0.02381
88 validation loss: 18.41427
auc: 0.98719
89 loss: 0.02323
89 validation loss: 17.48309
auc: 0.99108
90 loss: 0.02342
90 validation loss: 18.15795
auc: 0.99011
91 loss: 0.02333
91 validation loss: 17.91354
auc: 0.98827
92 loss: 0.02342
92 validation loss: 17.45407
auc: 0.99255
93 loss: 0.02304
93 validation loss: 18.16986
auc: 0.98925
94 loss: 0.02308
94 validation loss: 17.71831
auc: 0.99019
95 loss: 0.02336
95 validation loss: 18.19826
auc: 0.98694
96 loss: 0.02315
96 validation loss: 17.75140
auc: 0.98892
97 loss: 0.02306
97 validation loss: 17.77489
auc: 0.99100
98 loss: 0.02275
98 validation loss: 17.01730
auc: 0.99253
99 loss: 0.02319
99 validation loss: 16.71573
auc: 0.99278
100 loss: 0.02299
100 validation loss: 18.45773
auc: 0.99039
101 loss: 0.02313
101 validation loss: 17.33726
auc: 0.99392
102 loss: 0.02293
102 validation loss: 17.95094
auc: 0.99244
103 loss: 0.02278
103 validation loss: 17.54307
auc: 0.98991
104 loss: 0.02295
104 validation loss: 18.21194
auc: 0.98898
105 loss: 0.02313
105 validation loss: 18.07706
auc: 0.98951
106 loss: 0.02279
106 validation loss: 16.94633
auc: 0.99248
107 loss: 0.02278
107 validation loss: 17.38098
auc: 0.99305
108 loss: 0.02252
108 validation loss: 16.94233
auc: 0.98989
109 loss: 0.02250
109 validation loss: 17.65357
auc: 0.99119
110 loss: 0.02258
110 validation loss: 17.37069
auc: 0.99087
111 loss: 0.02263
111 validation loss: 16.73321
auc: 0.99118
112 loss: 0.02228
112 validation loss: 17.65805
auc: 0.98950
113 loss: 0.02255
113 validation loss: 17.10324
auc: 0.98935
114 loss: 0.02250
114 validation loss: 16.22887
auc: 0.99236
115 loss: 0.02240
115 validation loss: 16.60533
auc: 0.98965
116 loss: 0.02234
116 validation loss: 18.75168
auc: 0.98782
117 loss: 0.02219
117 validation loss: 17.99245
auc: 0.99018
118 loss: 0.02237
118 validation loss: 16.00983
auc: 0.99325
119 loss: 0.02202
119 validation loss: 16.74056
auc: 0.99309
120 loss: 0.02207
120 validation loss: 17.87278
auc: 0.99078
121 loss: 0.02208
121 validation loss: 17.94989
auc: 0.99144
122 loss: 0.02207
122 validation loss: 16.63539
auc: 0.99168
123 loss: 0.02210
123 validation loss: 17.05486
auc: 0.99105
124 loss: 0.02217
124 validation loss: 16.30305
auc: 0.99160
125 loss: 0.02229
125 validation loss: 18.19086
auc: 0.98875
126 loss: 0.02171
126 validation loss: 16.13785
auc: 0.99296
127 loss: 0.02168
127 validation loss: 17.17525
auc: 0.99139
128 loss: 0.02186
128 validation loss: 17.77341
auc: 0.98834
129 loss: 0.02190
129 validation loss: 17.28893
auc: 0.99062
130 loss: 0.02192
130 validation loss: 17.06129
auc: 0.99225
131 loss: 0.02170
131 validation loss: 17.04892
auc: 0.99240
132 loss: 0.02181
132 validation loss: 16.82720
auc: 0.99353
133 loss: 0.02166
133 validation loss: 16.73571
auc: 0.99286
134 loss: 0.02174
134 validation loss: 18.09090
auc: 0.99036
135 loss: 0.02180
135 validation loss: 18.78607
auc: 0.99097
136 loss: 0.02137
136 validation loss: 17.74601
auc: 0.99176
137 loss: 0.02164
137 validation loss: 16.68608
auc: 0.99391
138 loss: 0.02163
138 validation loss: 15.49499
auc: 0.99360
139 loss: 0.02159
139 validation loss: 16.27699
auc: 0.99350
140 loss: 0.02164
140 validation loss: 17.76290
auc: 0.98916
141 loss: 0.02158
141 validation loss: 17.48239
auc: 0.99036
142 loss: 0.02143
142 validation loss: 16.68169
auc: 0.99262
143 loss: 0.02143
143 validation loss: 17.82113
auc: 0.99345
144 loss: 0.02162
144 validation loss: 18.43249
auc: 0.99304
145 loss: 0.02164
145 validation loss: 17.18085
auc: 0.99307
146 loss: 0.02112
146 validation loss: 16.76867
auc: 0.99075
147 loss: 0.02146
147 validation loss: 18.06360
auc: 0.99346
148 loss: 0.02132
148 validation loss: 18.54929
auc: 0.99173
149 loss: 0.02152
149 validation loss: 17.24003
auc: 0.98824
150 loss: 0.02154
150 validation loss: 19.49754
auc: 0.98787
151 loss: 0.02108
151 validation loss: 16.68816
auc: 0.99172
152 loss: 0.02128
152 validation loss: 18.70334
auc: 0.98836
153 loss: 0.02138
153 validation loss: 16.20307
auc: 0.99282
154 loss: 0.02128
154 validation loss: 17.19411
auc: 0.99350
155 loss: 0.02113
155 validation loss: 16.82189
auc: 0.99139
156 loss: 0.02146
156 validation loss: 16.72837
auc: 0.99267
157 loss: 0.02134
157 validation loss: 16.48951
auc: 0.99256
158 loss: 0.02118
158 validation loss: 17.75205
auc: 0.99294
159 loss: 0.02096
159 validation loss: 17.24113
auc: 0.99278
160 loss: 0.02102
160 validation loss: 17.59842
auc: 0.99070
161 loss: 0.02101
161 validation loss: 18.13725
auc: 0.99285
162 loss: 0.02071
162 validation loss: 16.90157
auc: 0.98946
163 loss: 0.02154
163 validation loss: 19.65490
auc: 0.99019
164 loss: 0.02108
164 validation loss: 17.74228
auc: 0.99066
165 loss: 0.02124
165 validation loss: 17.65224
auc: 0.98667
166 loss: 0.02103
166 validation loss: 19.23593
auc: 0.98928
167 loss: 0.02085
167 validation loss: 17.07219
auc: 0.99277
168 loss: 0.02110
168 validation loss: 15.96399
auc: 0.99197
169 loss: 0.02111
169 validation loss: 17.51391
auc: 0.99102
170 loss: 0.02096
170 validation loss: 16.72398
auc: 0.99202
171 loss: 0.02082
171 validation loss: 16.53128
auc: 0.98997
172 loss: 0.02103
172 validation loss: 19.72970
auc: 0.98909
173 loss: 0.02094
173 validation loss: 19.39972
auc: 0.98449
174 loss: 0.02095
174 validation loss: 16.13341
auc: 0.99249
175 loss: 0.02081
175 validation loss: 16.49882
auc: 0.99439
176 loss: 0.02107
176 validation loss: 16.21885
auc: 0.99088
177 loss: 0.02034
177 validation loss: 17.93871
auc: 0.98976
178 loss: 0.02082
178 validation loss: 16.42537
auc: 0.99256
179 loss: 0.02124
179 validation loss: 15.93990
auc: 0.99247
180 loss: 0.02085
180 validation loss: 16.74146
auc: 0.99038
181 loss: 0.02110
181 validation loss: 16.83802
auc: 0.99250
182 loss: 0.02113
182 validation loss: 17.39840
auc: 0.99063
183 loss: 0.02012
183 validation loss: 18.84715
auc: 0.98261
184 loss: 0.02051
184 validation loss: 17.11105
auc: 0.99267
185 loss: 0.02095
185 validation loss: 16.52151
auc: 0.99338
186 loss: 0.02105
186 validation loss: 16.43130
auc: 0.99223
187 loss: 0.02098
187 validation loss: 16.64128
auc: 0.99284
188 loss: 0.02096
188 validation loss: 17.24016
auc: 0.99173
189 loss: 0.02078
189 validation loss: 17.51105
auc: 0.99165
190 loss: 0.02075
190 validation loss: 16.61814
auc: 0.99152
191 loss: 0.02065
191 validation loss: 15.45569
auc: 0.99414
192 loss: 0.02046
192 validation loss: 15.92907
auc: 0.99325
193 loss: 0.02080
193 validation loss: 18.56989
auc: 0.98822
194 loss: 0.02063
194 validation loss: 17.09162
auc: 0.99087
195 loss: 0.02044
195 validation loss: 17.82554
auc: 0.99151
196 loss: 0.02050
196 validation loss: 17.07715
auc: 0.99101
197 loss: 0.02092
197 validation loss: 16.20308
auc: 0.99327
198 loss: 0.02081
198 validation loss: 17.15073
auc: 0.99054
199 loss: 0.02012
199 validation loss: 16.65004
auc: 0.99318
200 loss: 0.02073
200 validation loss: 15.13545
auc: 0.99492
201 loss: 0.02053
201 validation loss: 17.76252
auc: 0.99107
202 loss: 0.02063
202 validation loss: 16.76495
auc: 0.99132
203 loss: 0.02057
203 validation loss: 17.25507
auc: 0.99266
204 loss: 0.02088
204 validation loss: 16.71677
auc: 0.99213
205 loss: 0.02102
205 validation loss: 15.42318
auc: 0.99248
206 loss: 0.02064
206 validation loss: 15.97167
auc: 0.99175
207 loss: 0.02060
207 validation loss: 16.75817
auc: 0.99246
208 loss: 0.02018
208 validation loss: 18.83202
auc: 0.98663
209 loss: 0.02047
209 validation loss: 18.74358
auc: 0.98489
210 loss: 0.02021
210 validation loss: 18.55148
auc: 0.98785
211 loss: 0.02006
211 validation loss: 17.67012
auc: 0.98785
212 loss: 0.02051
212 validation loss: 16.10900
auc: 0.99253
213 loss: 0.02020
213 validation loss: 15.87654
auc: 0.99314
214 loss: 0.02043
214 validation loss: 17.12621
auc: 0.99243
215 loss: 0.02046
215 validation loss: 16.01391
auc: 0.99211
216 loss: 0.02047
216 validation loss: 15.70735
auc: 0.99170
217 loss: 0.02048
217 validation loss: 16.23349
auc: 0.99272
218 loss: 0.02065
218 validation loss: 17.11659
auc: 0.99096
219 loss: 0.02060
219 validation loss: 17.43464
auc: 0.99156
220 loss: 0.02000
220 validation loss: 18.32556
auc: 0.99112
221 loss: 0.02042
221 validation loss: 16.21915
auc: 0.99233
222 loss: 0.02049
222 validation loss: 19.08150
auc: 0.98852
223 loss: 0.02009
223 validation loss: 17.64482
auc: 0.98806
224 loss: 0.02022
224 validation loss: 15.53953
auc: 0.99169
225 loss: 0.02028
225 validation loss: 17.80218
auc: 0.98671
226 loss: 0.02057
226 validation loss: 17.10889
auc: 0.99224
227 loss: 0.02051
227 validation loss: 18.41123
auc: 0.98860
228 loss: 0.02069
228 validation loss: 16.17866
auc: 0.99298
229 loss: 0.02061
229 validation loss: 17.21079
auc: 0.98696
230 loss: 0.02057
230 validation loss: 16.44140
auc: 0.99264
231 loss: 0.02040
231 validation loss: 17.22676
auc: 0.99179
232 loss: 0.02063
232 validation loss: 15.79048
auc: 0.99314
233 loss: 0.02036
233 validation loss: 18.25646
auc: 0.99022
234 loss: 0.02040
234 validation loss: 15.36456
auc: 0.99357
235 loss: 0.02054
235 validation loss: 17.99285
auc: 0.99025
236 loss: 0.02038
236 validation loss: 17.72528
auc: 0.99089
237 loss: 0.02037
237 validation loss: 17.75715
auc: 0.98527
238 loss: 0.02065
238 validation loss: 17.28367
auc: 0.99184
239 loss: 0.02042
239 validation loss: 17.07892
auc: 0.99322
240 loss: 0.01998
240 validation loss: 17.62562
auc: 0.98844
241 loss: 0.02008
241 validation loss: 15.59785
auc: 0.99206
242 loss: 0.02048
242 validation loss: 16.04924
auc: 0.99314
243 loss: 0.02032
243 validation loss: 16.56131
auc: 0.99339
244 loss: 0.02008
244 validation loss: 16.50175
auc: 0.99302
245 loss: 0.02025
245 validation loss: 17.01573
auc: 0.99135
246 loss: 0.02023
246 validation loss: 18.09043
auc: 0.99047
247 loss: 0.02032
247 validation loss: 19.61371
auc: 0.99042
248 loss: 0.02044
248 validation loss: 19.18549
auc: 0.98992
249 loss: 0.02039
249 validation loss: 17.80355
auc: 0.98921
250 loss: 0.02044
250 validation loss: 17.99243
auc: 0.99150
251 loss: 0.02025
251 validation loss: 16.73127
auc: 0.98984
252 loss: 0.02022
252 validation loss: 17.58352
auc: 0.99335
253 loss: 0.02055
253 validation loss: 17.06044
auc: 0.99299
254 loss: 0.02000
254 validation loss: 15.95228
auc: 0.99438
255 loss: 0.02006
255 validation loss: 16.24678
auc: 0.99465
256 loss: 0.02025
256 validation loss: 16.91560
auc: 0.99364
257 loss: 0.02042
257 validation loss: 16.72623
auc: 0.99154
258 loss: 0.02031
258 validation loss: 15.53107
auc: 0.99504
259 loss: 0.02020
259 validation loss: 17.44752
auc: 0.99437
260 loss: 0.02034
260 validation loss: 16.94299
auc: 0.99294
261 loss: 0.02031
261 validation loss: 17.38343
auc: 0.99315
262 loss: 0.02003
262 validation loss: 17.10631
auc: 0.99312
263 loss: 0.01999
263 validation loss: 17.46260
auc: 0.99244
264 loss: 0.02037
264 validation loss: 17.45844
auc: 0.99406
265 loss: 0.02013
265 validation loss: 16.95223
auc: 0.99019
266 loss: 0.02018
266 validation loss: 16.71418
auc: 0.99293
267 loss: 0.02007
267 validation loss: 17.59480
auc: 0.99262
268 loss: 0.02010
268 validation loss: 15.72461
auc: 0.99293
269 loss: 0.01976
269 validation loss: 17.64050
auc: 0.99092
270 loss: 0.01979
270 validation loss: 16.16780
auc: 0.99275
271 loss: 0.02043
271 validation loss: 17.46804
auc: 0.99184
272 loss: 0.02000
272 validation loss: 15.86181
auc: 0.99383
273 loss: 0.02021
273 validation loss: 16.46248
auc: 0.99369
274 loss: 0.02005
274 validation loss: 18.97075
auc: 0.99212
275 loss: 0.02001
275 validation loss: 17.12361
auc: 0.99265
276 loss: 0.02022
276 validation loss: 15.27577
auc: 0.99246
277 loss: 0.02034
277 validation loss: 15.65263
auc: 0.99220
278 loss: 0.02022
278 validation loss: 15.52193
auc: 0.99395
279 loss: 0.02019
279 validation loss: 15.92627
auc: 0.99470
280 loss: 0.02016
280 validation loss: 15.23614
auc: 0.99285
281 loss: 0.02018
281 validation loss: 16.37143
auc: 0.99412
282 loss: 0.02050
282 validation loss: 17.57972
auc: 0.99229
283 loss: 0.02026
283 validation loss: 16.87333
auc: 0.99357
284 loss: 0.02021
284 validation loss: 18.74030
auc: 0.98919
285 loss: 0.02039
285 validation loss: 15.66181
auc: 0.99377
286 loss: 0.02015
286 validation loss: 17.18671
auc: 0.99246
287 loss: 0.01998
287 validation loss: 16.85982
auc: 0.99090
288 loss: 0.01993
288 validation loss: 15.93797
auc: 0.99281
289 loss: 0.02004
289 validation loss: 15.60026
auc: 0.99325
290 loss: 0.01994
290 validation loss: 16.11263
auc: 0.99259
291 loss: 0.01985
291 validation loss: 16.08254
auc: 0.99122
292 loss: 0.01968
292 validation loss: 17.50291
auc: 0.99274
293 loss: 0.02007
293 validation loss: 16.37588
auc: 0.99250
294 loss: 0.01999
294 validation loss: 18.31307
auc: 0.98854
295 loss: 0.01983
295 validation loss: 17.76942
auc: 0.99034
296 loss: 0.01991
296 validation loss: 16.67781
auc: 0.99365
297 loss: 0.02015
297 validation loss: 16.39682
auc: 0.99479
298 loss: 0.02001
298 validation loss: 15.65931
auc: 0.99451
299 loss: 0.02007
299 validation loss: 17.73139
auc: 0.99208
300 loss: 0.02000
300 validation loss: 15.86083
auc: 0.99442
301 loss: 0.01998
301 validation loss: 17.37134
auc: 0.99332
302 loss: 0.01978
302 validation loss: 15.63353
auc: 0.99454
303 loss: 0.02020
303 validation loss: 17.83179
auc: 0.99302
304 loss: 0.02011
304 validation loss: 15.50759
auc: 0.99364
305 loss: 0.02012
305 validation loss: 15.18337
auc: 0.99494
306 loss: 0.01986
306 validation loss: 18.84751
auc: 0.98844
307 loss: 0.02017
307 validation loss: 17.36684
auc: 0.98559
308 loss: 0.01977
308 validation loss: 16.24452
auc: 0.99484
309 loss: 0.02013
309 validation loss: 17.09504
auc: 0.99299
310 loss: 0.02009
310 validation loss: 16.39360
auc: 0.99233
311 loss: 0.02032
311 validation loss: 16.36360
auc: 0.99181
312 loss: 0.01989
312 validation loss: 16.03779
auc: 0.99237
313 loss: 0.01998
313 validation loss: 16.54649
auc: 0.99141
314 loss: 0.02000
314 validation loss: 16.47917
auc: 0.99342
315 loss: 0.01957
315 validation loss: 17.62933
auc: 0.99341
316 loss: 0.02022
316 validation loss: 16.71370
auc: 0.99085
317 loss: 0.02009
317 validation loss: 15.45609
auc: 0.99355
318 loss: 0.01999
318 validation loss: 18.04659
auc: 0.98872
319 loss: 0.02020
319 validation loss: 16.68289
auc: 0.99379
320 loss: 0.01991
320 validation loss: 15.47506
auc: 0.99369
321 loss: 0.02017
321 validation loss: 18.79120
auc: 0.99244
322 loss: 0.01968
322 validation loss: 15.44004
auc: 0.99284
323 loss: 0.01998
323 validation loss: 16.58722
auc: 0.98910
324 loss: 0.02007
324 validation loss: 16.40578
auc: 0.99302
325 loss: 0.01976
325 validation loss: 16.05485
auc: 0.99233
326 loss: 0.02007
326 validation loss: 15.41149
auc: 0.99112
327 loss: 0.02008
327 validation loss: 16.84792
auc: 0.99165
328 loss: 0.02001
328 validation loss: 16.36935
auc: 0.99122
329 loss: 0.02002
329 validation loss: 17.21208
auc: 0.99338
330 loss: 0.01972
330 validation loss: 17.01580
auc: 0.99316
331 loss: 0.01984
331 validation loss: 15.36625
auc: 0.99131
332 loss: 0.01974
332 validation loss: 16.22135
auc: 0.99197
333 loss: 0.01989
333 validation loss: 15.79790
auc: 0.99300
334 loss: 0.02014
334 validation loss: 17.70787
auc: 0.99237
335 loss: 0.02007
335 validation loss: 16.01107
auc: 0.99156
336 loss: 0.02003
336 validation loss: 17.83922
auc: 0.98888
337 loss: 0.01994
337 validation loss: 15.45041
auc: 0.99486
338 loss: 0.02010
338 validation loss: 16.31957
auc: 0.99398
339 loss: 0.01999
339 validation loss: 15.67996
auc: 0.99372
340 loss: 0.02001
340 validation loss: 16.97381
auc: 0.99297
341 loss: 0.02019
341 validation loss: 18.15874
auc: 0.98952
342 loss: 0.01990
342 validation loss: 15.87780
auc: 0.99191
343 loss: 0.02000
343 validation loss: 17.38079
auc: 0.99353
344 loss: 0.01999
344 validation loss: 16.47162
auc: 0.99060
345 loss: 0.02002
345 validation loss: 17.49627
auc: 0.98953
346 loss: 0.02008
346 validation loss: 17.84243
auc: 0.99078
347 loss: 0.02015
347 validation loss: 15.89503
auc: 0.99200
348 loss: 0.02018
348 validation loss: 17.06941
auc: 0.99331
349 loss: 0.02008
349 validation loss: 15.61673
auc: 0.99302
350 loss: 0.02012
350 validation loss: 16.29046
auc: 0.99334
351 loss: 0.01971
351 validation loss: 18.03532
auc: 0.99202
352 loss: 0.01999
352 validation loss: 15.61382
auc: 0.99459
353 loss: 0.01995
353 validation loss: 16.38483
auc: 0.99197
354 loss: 0.02024
354 validation loss: 17.16999
auc: 0.99311
355 loss: 0.02007
355 validation loss: 15.84797
auc: 0.99207
356 loss: 0.01987
356 validation loss: 16.79466
auc: 0.99056
357 loss: 0.01981
357 validation loss: 15.82878
auc: 0.99380
358 loss: 0.01991
358 validation loss: 19.54106
auc: 0.99027
359 loss: 0.01980
359 validation loss: 15.09601
auc: 0.99276
360 loss: 0.01972
360 validation loss: 15.97767
auc: 0.99101
361 loss: 0.02000
361 validation loss: 17.03024
auc: 0.99039
362 loss: 0.02000
362 validation loss: 16.55437
auc: 0.99233
363 loss: 0.02002
363 validation loss: 16.53615
auc: 0.99430
364 loss: 0.02005
364 validation loss: 17.27071
auc: 0.99057
365 loss: 0.01998
365 validation loss: 15.80762
auc: 0.99430
366 loss: 0.01986
366 validation loss: 16.26464
auc: 0.99170
367 loss: 0.01993
367 validation loss: 16.75645
auc: 0.99267
368 loss: 0.02003
368 validation loss: 15.51216
auc: 0.99391
369 loss: 0.01984
369 validation loss: 17.65067
auc: 0.99272
370 loss: 0.01979
370 validation loss: 16.43519
auc: 0.98957
371 loss: 0.02003
371 validation loss: 16.14608
auc: 0.99140
372 loss: 0.01997
372 validation loss: 16.88290
auc: 0.99183
373 loss: 0.01977
373 validation loss: 15.61900
auc: 0.99231
374 loss: 0.02007
374 validation loss: 16.97764
auc: 0.99204
375 loss: 0.01990
375 validation loss: 16.04370
auc: 0.99298
376 loss: 0.01976
376 validation loss: 16.53009
auc: 0.99156
377 loss: 0.02000
377 validation loss: 16.40762
auc: 0.99122
378 loss: 0.01996
378 validation loss: 17.37247
auc: 0.99125
379 loss: 0.01991
379 validation loss: 17.91457
auc: 0.98847
380 loss: 0.01994
380 validation loss: 16.19547
auc: 0.99242
381 loss: 0.01974
381 validation loss: 16.98344
auc: 0.99137
382 loss: 0.01990
382 validation loss: 15.63074
auc: 0.99358
383 loss: 0.02009
383 validation loss: 17.33490
auc: 0.99202
384 loss: 0.01985
384 validation loss: 15.59213
auc: 0.99357
385 loss: 0.01982
385 validation loss: 15.80949
auc: 0.99203
386 loss: 0.01991
386 validation loss: 15.94321
auc: 0.99330
387 loss: 0.01985
387 validation loss: 18.00875
auc: 0.99184
388 loss: 0.02006
388 validation loss: 16.11338
auc: 0.99162
389 loss: 0.01991
389 validation loss: 16.44879
auc: 0.99297
390 loss: 0.02000
390 validation loss: 15.45112
auc: 0.99307
391 loss: 0.01986
391 validation loss: 16.12766
auc: 0.99224
392 loss: 0.01995
392 validation loss: 17.03250
auc: 0.98690
393 loss: 0.01987
393 validation loss: 15.16942
auc: 0.99439
394 loss: 0.01988
394 validation loss: 17.07221
auc: 0.99135
395 loss: 0.01970
395 validation loss: 15.97754
auc: 0.99341
396 loss: 0.01990
396 validation loss: 15.25720
auc: 0.99303
397 loss: 0.01997
397 validation loss: 16.37910
auc: 0.99378
398 loss: 0.01986
398 validation loss: 16.81567
auc: 0.99244
399 loss: 0.01967
399 validation loss: 17.27535
auc: 0.99208
400 loss: 0.01955
400 validation loss: 16.43376
auc: 0.98999
401 loss: 0.01997
401 validation loss: 17.12045
auc: 0.99159
402 loss: 0.01968
402 validation loss: 15.67296
auc: 0.99310
403 loss: 0.02017
403 validation loss: 17.95531
auc: 0.99267
404 loss: 0.02000
404 validation loss: 15.41018
auc: 0.99339
405 loss: 0.01979
405 validation loss: 18.33173
auc: 0.99226
406 loss: 0.01983
406 validation loss: 16.90914
auc: 0.99236
407 loss: 0.01983
407 validation loss: 15.22909
auc: 0.99168
408 loss: 0.01997
408 validation loss: 15.35441
auc: 0.99208
409 loss: 0.01987
409 validation loss: 16.15353
auc: 0.98958
410 loss: 0.02008
410 validation loss: 16.93242
auc: 0.99100
411 loss: 0.01983
411 validation loss: 15.59169
auc: 0.99428
412 loss: 0.01997
412 validation loss: 16.20191
auc: 0.99355
413 loss: 0.01987
413 validation loss: 15.55925
auc: 0.99383
414 loss: 0.01994
414 validation loss: 15.72809
auc: 0.99304
415 loss: 0.01999
415 validation loss: 16.38960
auc: 0.99003
416 loss: 0.01989
416 validation loss: 17.39757
auc: 0.99044
417 loss: 0.02007
417 validation loss: 16.19697
auc: 0.99336
418 loss: 0.01980
418 validation loss: 16.97862
auc: 0.98668
419 loss: 0.01989
419 validation loss: 16.26093
auc: 0.99023
420 loss: 0.01962
420 validation loss: 17.44930
auc: 0.99258
421 loss: 0.02003
421 validation loss: 16.14276
auc: 0.99192
422 loss: 0.02002
422 validation loss: 16.79756
auc: 0.99258
423 loss: 0.01994
423 validation loss: 17.47489
auc: 0.98857
424 loss: 0.01992
424 validation loss: 16.32782
auc: 0.99118
425 loss: 0.01988
425 validation loss: 15.80829
auc: 0.99274
426 loss: 0.02003
426 validation loss: 16.28998
auc: 0.99310
427 loss: 0.01971
427 validation loss: 17.15393
auc: 0.99364
428 loss: 0.01959
428 validation loss: 16.65691
auc: 0.98845
429 loss: 0.01973
429 validation loss: 16.12152
auc: 0.99305
430 loss: 0.01989
430 validation loss: 16.93984
auc: 0.99020
431 loss: 0.01973
431 validation loss: 17.54704
auc: 0.98896
432 loss: 0.01985
432 validation loss: 16.03038
auc: 0.99288
433 loss: 0.01980
433 validation loss: 16.71053
auc: 0.99377
434 loss: 0.01990
434 validation loss: 15.72006
auc: 0.99291
435 loss: 0.01979
435 validation loss: 15.85328
auc: 0.99423
436 loss: 0.01984
436 validation loss: 16.01835
auc: 0.99226
437 loss: 0.01970
437 validation loss: 17.14298
auc: 0.99260
438 loss: 0.01988
438 validation loss: 16.78715
auc: 0.99217
439 loss: 0.02007
439 validation loss: 17.64286
auc: 0.98904
440 loss: 0.01990
440 validation loss: 16.50367
auc: 0.99107
441 loss: 0.01983
441 validation loss: 16.85460
auc: 0.98865
442 loss: 0.01950
442 validation loss: 16.68745
auc: 0.99241
443 loss: 0.01986
443 validation loss: 16.21795
auc: 0.99369
444 loss: 0.01993
444 validation loss: 18.02028
auc: 0.98775
445 loss: 0.01992
445 validation loss: 16.43949
auc: 0.98895
446 loss: 0.01990
446 validation loss: 16.68837
auc: 0.98813
447 loss: 0.01988
447 validation loss: 15.41002
auc: 0.99362
448 loss: 0.01969
448 validation loss: 16.07819
auc: 0.99239
449 loss: 0.01981
449 validation loss: 16.46911
auc: 0.99359
450 loss: 0.02003
450 validation loss: 16.15785
auc: 0.99254
451 loss: 0.01973
451 validation loss: 16.66800
auc: 0.99203
452 loss: 0.01944
452 validation loss: 15.97192
auc: 0.99417
453 loss: 0.01942
453 validation loss: 17.57426
auc: 0.98523
454 loss: 0.01990
454 validation loss: 15.61056
auc: 0.99403
455 loss: 0.01993
455 validation loss: 15.43578
auc: 0.98968
456 loss: 0.01983
456 validation loss: 15.67988
auc: 0.99377
457 loss: 0.01985
457 validation loss: 15.63435
auc: 0.99193
458 loss: 0.01969
458 validation loss: 16.06943
auc: 0.99021
459 loss: 0.01966
459 validation loss: 17.90735
auc: 0.98761
460 loss: 0.01967
460 validation loss: 15.77093
auc: 0.99101
461 loss: 0.01968
461 validation loss: 16.29887
auc: 0.99216
462 loss: 0.01973
462 validation loss: 16.68868
auc: 0.99449
463 loss: 0.01967
463 validation loss: 16.64366
auc: 0.99433
464 loss: 0.01977
464 validation loss: 15.53024
auc: 0.99365
465 loss: 0.01971
465 validation loss: 15.36025
auc: 0.99524
466 loss: 0.01950
466 validation loss: 17.18518
auc: 0.99210
467 loss: 0.01963
467 validation loss: 16.90181
auc: 0.99257
468 loss: 0.01965
468 validation loss: 15.26999
auc: 0.99465
469 loss: 0.01974
469 validation loss: 16.58516
auc: 0.98843
470 loss: 0.01957
470 validation loss: 15.01785
auc: 0.99502
471 loss: 0.01974
471 validation loss: 17.69047
auc: 0.99218
472 loss: 0.01963
472 validation loss: 15.94844
auc: 0.99510
473 loss: 0.01983
473 validation loss: 16.62952
auc: 0.99242
474 loss: 0.01987
474 validation loss: 16.22577
auc: 0.99197
475 loss: 0.01980
475 validation loss: 17.39645
auc: 0.98415
476 loss: 0.01964
476 validation loss: 17.49948
auc: 0.98840
477 loss: 0.01991
477 validation loss: 15.90235
auc: 0.99334
478 loss: 0.01959
478 validation loss: 16.56040
auc: 0.98945
479 loss: 0.01965
479 validation loss: 16.83672
auc: 0.98712
480 loss: 0.01973
480 validation loss: 16.67577
auc: 0.99125
481 loss: 0.01980
481 validation loss: 17.19975
auc: 0.99284
482 loss: 0.01954
482 validation loss: 17.00591
auc: 0.99205
483 loss: 0.01960
483 validation loss: 16.50527
auc: 0.98752
484 loss: 0.01944
484 validation loss: 16.16347
auc: 0.99492
485 loss: 0.01968
485 validation loss: 17.10431
auc: 0.99126
486 loss: 0.01962
486 validation loss: 16.16418
auc: 0.99385
487 loss: 0.01963
487 validation loss: 16.65332
auc: 0.99253
488 loss: 0.01954
488 validation loss: 14.63455
auc: 0.99461
489 loss: 0.01992
489 validation loss: 16.51968
auc: 0.99103
490 loss: 0.01970
490 validation loss: 15.11264
auc: 0.99583
491 loss: 0.01942
491 validation loss: 15.88106
auc: 0.99338
492 loss: 0.01971
492 validation loss: 15.71988
auc: 0.99173
493 loss: 0.01975
493 validation loss: 15.67907
auc: 0.99400
494 loss: 0.01967
494 validation loss: 16.55598
auc: 0.99331
495 loss: 0.01975
495 validation loss: 16.11816
auc: 0.99496
496 loss: 0.01944
496 validation loss: 15.77392
auc: 0.99296
497 loss: 0.01952
497 validation loss: 16.99410
auc: 0.98520
498 loss: 0.01946
498 validation loss: 17.11572
auc: 0.99245
499 loss: 0.01974
499 validation loss: 16.71594
auc: 0.99264
500 loss: 0.01952
500 validation loss: 17.82639
auc: 0.99206
Finished Training
